TN:
SF:tests/middleware_simple.rs
FN:127,middleware_simple::test_connection_manager_update_activity
FN:344,middleware_simple::test_connection_manager_with_zero_max_connections
FN:197,middleware_simple::test_pool_config_default
FN:326,middleware_simple::test_middleware_components_send_sync::assert_send::<workspace_qdrant_daemon::grpc::middleware::ConnectionManager>
FN:326,middleware_simple::test_middleware_components_send_sync::assert_send::<workspace_qdrant_daemon::grpc::middleware::ConnectionInterceptor>
FN:30,middleware_simple::test_connection_stats_fields
FN:264,middleware_simple::test_multi_client_registration
FN:169,middleware_simple::test_connection_interceptor_creation
FN:13,middleware_simple::test_connection_manager_creation
FN:357,middleware_simple::test_connection_manager_rate_limiting_with_zero_rate
FN:89,middleware_simple::test_connection_manager_unregister_connection
FN:327,middleware_simple::test_middleware_components_send_sync::assert_sync::<workspace_qdrant_daemon::grpc::middleware::PoolConfig>
FN:43,middleware_simple::test_connection_stats_clone
FN:326,middleware_simple::test_middleware_components_send_sync::assert_send::<workspace_qdrant_daemon::grpc::middleware::ConnectionStats>
FN:23,middleware_simple::test_connection_manager_debug_format
FN:179,middleware_simple::test_connection_interceptor_clone
FN:286,middleware_simple::test_connection_manager_full_lifecycle
FN:326,middleware_simple::test_middleware_components_send_sync::assert_send::<workspace_qdrant_daemon::grpc::middleware::PoolConfig>
FN:327,middleware_simple::test_middleware_components_send_sync::assert_sync::<workspace_qdrant_daemon::grpc::middleware::ConnectionInterceptor>
FN:208,middleware_simple::test_pool_config_debug
FN:390,middleware_simple::test_connection_interceptor_with_different_managers
FN:250,middleware_simple::test_connection_manager_and_interceptor_integration
FN:145,middleware_simple::test_connection_manager_cleanup_expired
FN:327,middleware_simple::test_middleware_components_send_sync::assert_sync::<workspace_qdrant_daemon::grpc::middleware::ConnectionManager>
FN:66,middleware_simple::test_connection_manager_register_connection
FN:325,middleware_simple::test_middleware_components_send_sync
FN:369,middleware_simple::test_connection_manager_multiple_managers
FN:107,middleware_simple::test_connection_manager_rate_limiting
FN:229,middleware_simple::test_pool_config_custom
FN:327,middleware_simple::test_middleware_components_send_sync::assert_sync::<workspace_qdrant_daemon::grpc::middleware::ConnectionStats>
FN:217,middleware_simple::test_pool_config_clone
FN:56,middleware_simple::test_connection_stats_debug_format
FNDA:0,middleware_simple::test_connection_manager_update_activity
FNDA:0,middleware_simple::test_connection_manager_with_zero_max_connections
FNDA:0,middleware_simple::test_pool_config_default
FNDA:0,middleware_simple::test_middleware_components_send_sync::assert_send::<workspace_qdrant_daemon::grpc::middleware::ConnectionManager>
FNDA:0,middleware_simple::test_middleware_components_send_sync::assert_send::<workspace_qdrant_daemon::grpc::middleware::ConnectionInterceptor>
FNDA:0,middleware_simple::test_connection_stats_fields
FNDA:0,middleware_simple::test_multi_client_registration
FNDA:0,middleware_simple::test_connection_interceptor_creation
FNDA:0,middleware_simple::test_connection_manager_creation
FNDA:0,middleware_simple::test_connection_manager_rate_limiting_with_zero_rate
FNDA:0,middleware_simple::test_connection_manager_unregister_connection
FNDA:0,middleware_simple::test_middleware_components_send_sync::assert_sync::<workspace_qdrant_daemon::grpc::middleware::PoolConfig>
FNDA:0,middleware_simple::test_connection_stats_clone
FNDA:0,middleware_simple::test_middleware_components_send_sync::assert_send::<workspace_qdrant_daemon::grpc::middleware::ConnectionStats>
FNDA:0,middleware_simple::test_connection_manager_debug_format
FNDA:0,middleware_simple::test_connection_interceptor_clone
FNDA:0,middleware_simple::test_connection_manager_full_lifecycle
FNDA:0,middleware_simple::test_middleware_components_send_sync::assert_send::<workspace_qdrant_daemon::grpc::middleware::PoolConfig>
FNDA:0,middleware_simple::test_middleware_components_send_sync::assert_sync::<workspace_qdrant_daemon::grpc::middleware::ConnectionInterceptor>
FNDA:0,middleware_simple::test_pool_config_debug
FNDA:0,middleware_simple::test_connection_interceptor_with_different_managers
FNDA:0,middleware_simple::test_connection_manager_and_interceptor_integration
FNDA:0,middleware_simple::test_connection_manager_cleanup_expired
FNDA:0,middleware_simple::test_middleware_components_send_sync::assert_sync::<workspace_qdrant_daemon::grpc::middleware::ConnectionManager>
FNDA:0,middleware_simple::test_connection_manager_register_connection
FNDA:0,middleware_simple::test_middleware_components_send_sync
FNDA:0,middleware_simple::test_connection_manager_multiple_managers
FNDA:0,middleware_simple::test_connection_manager_rate_limiting
FNDA:0,middleware_simple::test_pool_config_custom
FNDA:0,middleware_simple::test_middleware_components_send_sync::assert_sync::<workspace_qdrant_daemon::grpc::middleware::ConnectionStats>
FNDA:0,middleware_simple::test_pool_config_clone
FNDA:0,middleware_simple::test_connection_stats_debug_format
FNF:32
FNH:0
BRF:0
BRH:0
DA:13,0
DA:14,0
DA:15,0
DA:17,0
DA:18,0
DA:19,0
DA:20,0
DA:23,0
DA:24,0
DA:25,0
DA:26,0
DA:27,0
DA:30,0
DA:31,0
DA:32,0
DA:35,0
DA:36,0
DA:37,0
DA:38,0
DA:39,0
DA:40,0
DA:43,0
DA:44,0
DA:45,0
DA:46,0
DA:48,0
DA:49,0
DA:50,0
DA:51,0
DA:52,0
DA:53,0
DA:56,0
DA:57,0
DA:58,0
DA:60,0
DA:61,0
DA:62,0
DA:63,0
DA:66,0
DA:67,0
DA:70,0
DA:71,0
DA:73,0
DA:74,0
DA:77,0
DA:78,0
DA:80,0
DA:81,0
DA:84,0
DA:85,0
DA:86,0
DA:89,0
DA:90,0
DA:93,0
DA:94,0
DA:95,0
DA:98,0
DA:99,0
DA:100,0
DA:103,0
DA:104,0
DA:107,0
DA:108,0
DA:111,0
DA:114,0
DA:115,0
DA:118,0
DA:119,0
DA:122,0
DA:123,0
DA:124,0
DA:127,0
DA:128,0
DA:131,0
DA:134,0
DA:137,0
DA:138,0
DA:141,0
DA:142,0
DA:145,0
DA:146,0
DA:149,0
DA:150,0
DA:151,0
DA:154,0
DA:155,0
DA:156,0
DA:159,0
DA:160,0
DA:161,0
DA:162,0
DA:169,0
DA:170,0
DA:171,0
DA:174,0
DA:175,0
DA:176,0
DA:179,0
DA:180,0
DA:181,0
DA:182,0
DA:185,0
DA:186,0
DA:188,0
DA:189,0
DA:190,0
DA:197,0
DA:198,0
DA:200,0
DA:201,0
DA:202,0
DA:203,0
DA:204,0
DA:205,0
DA:208,0
DA:209,0
DA:210,0
DA:212,0
DA:213,0
DA:214,0
DA:217,0
DA:218,0
DA:219,0
DA:221,0
DA:222,0
DA:223,0
DA:224,0
DA:225,0
DA:226,0
DA:229,0
DA:230,0
DA:231,0
DA:232,0
DA:233,0
DA:234,0
DA:235,0
DA:236,0
DA:238,0
DA:239,0
DA:240,0
DA:241,0
DA:242,0
DA:243,0
DA:250,0
DA:251,0
DA:252,0
DA:253,0
DA:256,0
DA:257,0
DA:259,0
DA:260,0
DA:261,0
DA:264,0
DA:265,0
DA:266,0
DA:268,0
DA:269,0
DA:270,0
DA:273,0
DA:274,0
DA:277,0
DA:278,0
DA:279,0
DA:281,0
DA:282,0
DA:283,0
DA:286,0
DA:287,0
DA:290,0
DA:291,0
DA:292,0
DA:293,0
DA:296,0
DA:297,0
DA:300,0
DA:301,0
DA:304,0
DA:305,0
DA:308,0
DA:309,0
DA:310,0
DA:313,0
DA:314,0
DA:316,0
DA:317,0
DA:318,0
DA:325,0
DA:326,0
DA:327,0
DA:329,0
DA:330,0
DA:331,0
DA:332,0
DA:333,0
DA:334,0
DA:335,0
DA:336,0
DA:337,0
DA:344,0
DA:345,0
DA:348,0
DA:349,0
DA:351,0
DA:352,0
DA:353,0
DA:354,0
DA:357,0
DA:358,0
DA:361,0
DA:364,0
DA:365,0
DA:366,0
DA:369,0
DA:370,0
DA:371,0
DA:374,0
DA:375,0
DA:378,0
DA:379,0
DA:382,0
DA:383,0
DA:386,0
DA:387,0
DA:390,0
DA:391,0
DA:392,0
DA:394,0
DA:395,0
DA:398,0
DA:399,0
DA:401,0
DA:402,0
DA:403,0
LF:233
LH:0
end_of_record
SF:src/grpc/services/system_service.rs
FN:21,<workspace_qdrant_daemon::grpc::services::system_service::SystemServiceImpl>::new
FN:541,workspace_qdrant_daemon::grpc::services::system_service::tests::test_get_config
FN:342,workspace_qdrant_daemon::grpc::services::system_service::tests::test_health_check
FN:835,workspace_qdrant_daemon::grpc::services::system_service::tests::test_system_service_impl_send_sync::assert_sync::<workspace_qdrant_daemon::grpc::services::system_service::SystemServiceImpl>
FN:734,workspace_qdrant_daemon::grpc::services::system_service::tests::test_concurrent_system_operations::{closure#0}
FN:473,workspace_qdrant_daemon::grpc::services::system_service::tests::test_get_metrics_basic::{closure#0}::{closure#1}
FN:172,<workspace_qdrant_daemon::grpc::services::system_service::SystemServiceImpl as workspace_qdrant_daemon::proto::system_service_server::SystemService>::update_config
FN:357,workspace_qdrant_daemon::grpc::services::system_service::tests::test_health_check::{closure#0}::{closure#0}
FN:318,workspace_qdrant_daemon::grpc::services::system_service::tests::create_test_daemon
FN:636,workspace_qdrant_daemon::grpc::services::system_service::tests::test_detect_project_different_paths
FN:808,workspace_qdrant_daemon::grpc::services::system_service::tests::test_metrics_labels_structure::{closure#0}
FN:473,workspace_qdrant_daemon::grpc::services::system_service::tests::test_get_metrics_basic::{closure#0}::{closure#1}
FN:834,workspace_qdrant_daemon::grpc::services::system_service::tests::test_system_service_impl_send_sync::assert_send::<workspace_qdrant_daemon::grpc::services::system_service::SystemServiceImpl>
FN:743,workspace_qdrant_daemon::grpc::services::system_service::tests::test_concurrent_system_operations::{closure#0}::{closure#0}
FN:318,workspace_qdrant_daemon::grpc::services::system_service::tests::create_test_daemon
FN:607,workspace_qdrant_daemon::grpc::services::system_service::tests::test_detect_project
FN:427,workspace_qdrant_daemon::grpc::services::system_service::tests::test_get_status_uptime::{closure#0}
FN:398,workspace_qdrant_daemon::grpc::services::system_service::tests::test_get_status::{closure#0}
FN:398,workspace_qdrant_daemon::grpc::services::system_service::tests::test_get_status
FN:587,workspace_qdrant_daemon::grpc::services::system_service::tests::test_update_config_restart_required::{closure#0}
FN:357,workspace_qdrant_daemon::grpc::services::system_service::tests::test_health_check::{closure#0}::{closure#0}
FN:148,<workspace_qdrant_daemon::grpc::services::system_service::SystemServiceImpl as workspace_qdrant_daemon::proto::system_service_server::SystemService>::get_config
FN:342,workspace_qdrant_daemon::grpc::services::system_service::tests::test_health_check
FN:566,workspace_qdrant_daemon::grpc::services::system_service::tests::test_update_config_basic::{closure#0}
FN:172,<workspace_qdrant_daemon::grpc::services::system_service::SystemServiceImpl as workspace_qdrant_daemon::proto::system_service_server::SystemService>::update_config
FN:78,<workspace_qdrant_daemon::grpc::services::system_service::SystemServiceImpl as workspace_qdrant_daemon::proto::system_service_server::SystemService>::get_status
FN:332,workspace_qdrant_daemon::grpc::services::system_service::tests::test_system_service_impl_debug
FN:687,workspace_qdrant_daemon::grpc::services::system_service::tests::test_list_projects
FN:711,workspace_qdrant_daemon::grpc::services::system_service::tests::test_list_projects_timestamps::{closure#0}
FN:687,workspace_qdrant_daemon::grpc::services::system_service::tests::test_list_projects::{closure#0}
FN:808,workspace_qdrant_daemon::grpc::services::system_service::tests::test_metrics_labels_structure
FN:711,workspace_qdrant_daemon::grpc::services::system_service::tests::test_list_projects_timestamps
FN:342,workspace_qdrant_daemon::grpc::services::system_service::tests::test_health_check::{closure#0}
FN:711,workspace_qdrant_daemon::grpc::services::system_service::tests::test_list_projects_timestamps
FN:31,<workspace_qdrant_daemon::grpc::services::system_service::SystemServiceImpl as workspace_qdrant_daemon::proto::system_service_server::SystemService>::health_check
FN:636,workspace_qdrant_daemon::grpc::services::system_service::tests::test_detect_project_different_paths::{closure#0}
FN:108,<workspace_qdrant_daemon::grpc::services::system_service::SystemServiceImpl as workspace_qdrant_daemon::proto::system_service_server::SystemService>::get_metrics
FN:324,workspace_qdrant_daemon::grpc::services::system_service::tests::test_system_service_impl_new
FN:372,workspace_qdrant_daemon::grpc::services::system_service::tests::test_health_check_timestamps
FN:318,workspace_qdrant_daemon::grpc::services::system_service::tests::create_test_daemon::{closure#0}
FN:566,workspace_qdrant_daemon::grpc::services::system_service::tests::test_update_config_basic::{closure#0}
FN:481,workspace_qdrant_daemon::grpc::services::system_service::tests::test_get_metrics_different_requests
FN:148,<workspace_qdrant_daemon::grpc::services::system_service::SystemServiceImpl as workspace_qdrant_daemon::proto::system_service_server::SystemService>::get_config
FN:253,workspace_qdrant_daemon::grpc::services::system_service::tests::create_test_daemon_config
FN:427,workspace_qdrant_daemon::grpc::services::system_service::tests::test_get_status_uptime
FN:324,workspace_qdrant_daemon::grpc::services::system_service::tests::test_system_service_impl_new::{closure#0}
FN:566,workspace_qdrant_daemon::grpc::services::system_service::tests::test_update_config_basic::{closure#0}
FN:663,workspace_qdrant_daemon::grpc::services::system_service::tests::test_detect_project_timestamps
FN:636,workspace_qdrant_daemon::grpc::services::system_service::tests::test_detect_project_different_paths
FN:541,workspace_qdrant_daemon::grpc::services::system_service::tests::test_get_config
FN:781,workspace_qdrant_daemon::grpc::services::system_service::tests::test_project_unique_ids::{closure#0}
FN:332,workspace_qdrant_daemon::grpc::services::system_service::tests::test_system_service_impl_debug::{closure#0}
FN:447,workspace_qdrant_daemon::grpc::services::system_service::tests::test_get_metrics_basic
FN:607,workspace_qdrant_daemon::grpc::services::system_service::tests::test_detect_project
FN:663,workspace_qdrant_daemon::grpc::services::system_service::tests::test_detect_project_timestamps::{closure#0}
FN:835,workspace_qdrant_daemon::grpc::services::system_service::tests::test_system_service_impl_send_sync::assert_sync::<workspace_qdrant_daemon::grpc::services::system_service::SystemServiceImpl>
FN:427,workspace_qdrant_daemon::grpc::services::system_service::tests::test_get_status_uptime
FN:509,workspace_qdrant_daemon::grpc::services::system_service::tests::test_get_metrics_timestamps::{closure#0}
FN:687,workspace_qdrant_daemon::grpc::services::system_service::tests::test_list_projects
FN:78,<workspace_qdrant_daemon::grpc::services::system_service::SystemServiceImpl as workspace_qdrant_daemon::proto::system_service_server::SystemService>::get_status
FN:711,workspace_qdrant_daemon::grpc::services::system_service::tests::test_list_projects_timestamps::{closure#0}
FN:78,<workspace_qdrant_daemon::grpc::services::system_service::SystemServiceImpl as workspace_qdrant_daemon::proto::system_service_server::SystemService>::get_status
FN:465,workspace_qdrant_daemon::grpc::services::system_service::tests::test_get_metrics_basic::{closure#0}::{closure#0}
FN:465,workspace_qdrant_daemon::grpc::services::system_service::tests::test_get_metrics_basic::{closure#0}::{closure#0}
FN:711,workspace_qdrant_daemon::grpc::services::system_service::tests::test_list_projects_timestamps
FN:332,workspace_qdrant_daemon::grpc::services::system_service::tests::test_system_service_impl_debug::{closure#0}
FN:427,workspace_qdrant_daemon::grpc::services::system_service::tests::test_get_status_uptime::{closure#0}
FN:318,workspace_qdrant_daemon::grpc::services::system_service::tests::create_test_daemon::{closure#0}
FN:324,workspace_qdrant_daemon::grpc::services::system_service::tests::test_system_service_impl_new::{closure#0}
FN:636,workspace_qdrant_daemon::grpc::services::system_service::tests::test_detect_project_different_paths::{closure#0}
FN:372,workspace_qdrant_daemon::grpc::services::system_service::tests::test_health_check_timestamps
FN:372,workspace_qdrant_daemon::grpc::services::system_service::tests::test_health_check_timestamps::{closure#0}
FN:31,<workspace_qdrant_daemon::grpc::services::system_service::SystemServiceImpl as workspace_qdrant_daemon::proto::system_service_server::SystemService>::health_check
FN:372,workspace_qdrant_daemon::grpc::services::system_service::tests::test_health_check_timestamps::{closure#0}
FN:734,workspace_qdrant_daemon::grpc::services::system_service::tests::test_concurrent_system_operations::{closure#0}
FN:342,workspace_qdrant_daemon::grpc::services::system_service::tests::test_health_check::{closure#0}
FN:148,<workspace_qdrant_daemon::grpc::services::system_service::SystemServiceImpl as workspace_qdrant_daemon::proto::system_service_server::SystemService>::get_config
FN:172,<workspace_qdrant_daemon::grpc::services::system_service::SystemServiceImpl as workspace_qdrant_daemon::proto::system_service_server::SystemService>::update_config
FN:172,<workspace_qdrant_daemon::grpc::services::system_service::SystemServiceImpl as workspace_qdrant_daemon::proto::system_service_server::SystemService>::update_config
FN:509,workspace_qdrant_daemon::grpc::services::system_service::tests::test_get_metrics_timestamps::{closure#0}
FN:189,<workspace_qdrant_daemon::grpc::services::system_service::SystemServiceImpl as workspace_qdrant_daemon::proto::system_service_server::SystemService>::detect_project
FN:481,workspace_qdrant_daemon::grpc::services::system_service::tests::test_get_metrics_different_requests::{closure#0}
FN:447,workspace_qdrant_daemon::grpc::services::system_service::tests::test_get_metrics_basic
FN:607,workspace_qdrant_daemon::grpc::services::system_service::tests::test_detect_project::{closure#0}
FN:541,workspace_qdrant_daemon::grpc::services::system_service::tests::test_get_config::{closure#0}
FN:587,workspace_qdrant_daemon::grpc::services::system_service::tests::test_update_config_restart_required
FN:189,<workspace_qdrant_daemon::grpc::services::system_service::SystemServiceImpl as workspace_qdrant_daemon::proto::system_service_server::SystemService>::detect_project
FN:781,workspace_qdrant_daemon::grpc::services::system_service::tests::test_project_unique_ids::{closure#0}
FN:253,workspace_qdrant_daemon::grpc::services::system_service::tests::create_test_daemon_config
FN:566,workspace_qdrant_daemon::grpc::services::system_service::tests::test_update_config_basic
FN:108,<workspace_qdrant_daemon::grpc::services::system_service::SystemServiceImpl as workspace_qdrant_daemon::proto::system_service_server::SystemService>::get_metrics
FN:218,<workspace_qdrant_daemon::grpc::services::system_service::SystemServiceImpl as workspace_qdrant_daemon::proto::system_service_server::SystemService>::list_projects
FN:78,<workspace_qdrant_daemon::grpc::services::system_service::SystemServiceImpl as workspace_qdrant_daemon::proto::system_service_server::SystemService>::get_status
FN:509,workspace_qdrant_daemon::grpc::services::system_service::tests::test_get_metrics_timestamps
FN:541,workspace_qdrant_daemon::grpc::services::system_service::tests::test_get_config::{closure#0}
FN:687,workspace_qdrant_daemon::grpc::services::system_service::tests::test_list_projects::{closure#0}
FN:473,workspace_qdrant_daemon::grpc::services::system_service::tests::test_get_metrics_basic::{closure#0}::{closure#1}
FN:21,<workspace_qdrant_daemon::grpc::services::system_service::SystemServiceImpl>::new
FN:808,workspace_qdrant_daemon::grpc::services::system_service::tests::test_metrics_labels_structure
FN:21,<workspace_qdrant_daemon::grpc::services::system_service::SystemServiceImpl>::new
FN:324,workspace_qdrant_daemon::grpc::services::system_service::tests::test_system_service_impl_new
FN:833,workspace_qdrant_daemon::grpc::services::system_service::tests::test_system_service_impl_send_sync
FN:781,workspace_qdrant_daemon::grpc::services::system_service::tests::test_project_unique_ids
FN:781,workspace_qdrant_daemon::grpc::services::system_service::tests::test_project_unique_ids
FN:447,workspace_qdrant_daemon::grpc::services::system_service::tests::test_get_metrics_basic::{closure#0}
FN:108,<workspace_qdrant_daemon::grpc::services::system_service::SystemServiceImpl as workspace_qdrant_daemon::proto::system_service_server::SystemService>::get_metrics
FN:636,workspace_qdrant_daemon::grpc::services::system_service::tests::test_detect_project_different_paths
FN:711,workspace_qdrant_daemon::grpc::services::system_service::tests::test_list_projects_timestamps::{closure#0}
FN:834,workspace_qdrant_daemon::grpc::services::system_service::tests::test_system_service_impl_send_sync::assert_send::<workspace_qdrant_daemon::grpc::services::system_service::SystemServiceImpl>
FN:663,workspace_qdrant_daemon::grpc::services::system_service::tests::test_detect_project_timestamps::{closure#0}
FN:447,workspace_qdrant_daemon::grpc::services::system_service::tests::test_get_metrics_basic::{closure#0}
FN:481,workspace_qdrant_daemon::grpc::services::system_service::tests::test_get_metrics_different_requests::{closure#0}
FN:218,<workspace_qdrant_daemon::grpc::services::system_service::SystemServiceImpl as workspace_qdrant_daemon::proto::system_service_server::SystemService>::list_projects
FN:808,workspace_qdrant_daemon::grpc::services::system_service::tests::test_metrics_labels_structure::{closure#0}
FN:587,workspace_qdrant_daemon::grpc::services::system_service::tests::test_update_config_restart_required::{closure#0}
FN:108,<workspace_qdrant_daemon::grpc::services::system_service::SystemServiceImpl as workspace_qdrant_daemon::proto::system_service_server::SystemService>::get_metrics
FN:108,<workspace_qdrant_daemon::grpc::services::system_service::SystemServiceImpl as workspace_qdrant_daemon::proto::system_service_server::SystemService>::get_metrics
FN:834,workspace_qdrant_daemon::grpc::services::system_service::tests::test_system_service_impl_send_sync::assert_send::<workspace_qdrant_daemon::grpc::services::system_service::SystemServiceImpl>
FN:481,workspace_qdrant_daemon::grpc::services::system_service::tests::test_get_metrics_different_requests
FN:734,workspace_qdrant_daemon::grpc::services::system_service::tests::test_concurrent_system_operations
FN:636,workspace_qdrant_daemon::grpc::services::system_service::tests::test_detect_project_different_paths::{closure#0}
FN:566,workspace_qdrant_daemon::grpc::services::system_service::tests::test_update_config_basic
FN:172,<workspace_qdrant_daemon::grpc::services::system_service::SystemServiceImpl as workspace_qdrant_daemon::proto::system_service_server::SystemService>::update_config
FN:743,workspace_qdrant_daemon::grpc::services::system_service::tests::test_concurrent_system_operations::{closure#0}::{closure#0}
FN:587,workspace_qdrant_daemon::grpc::services::system_service::tests::test_update_config_restart_required::{closure#0}
FN:607,workspace_qdrant_daemon::grpc::services::system_service::tests::test_detect_project::{closure#0}
FN:734,workspace_qdrant_daemon::grpc::services::system_service::tests::test_concurrent_system_operations
FN:663,workspace_qdrant_daemon::grpc::services::system_service::tests::test_detect_project_timestamps
FN:607,workspace_qdrant_daemon::grpc::services::system_service::tests::test_detect_project
FN:332,workspace_qdrant_daemon::grpc::services::system_service::tests::test_system_service_impl_debug
FN:835,workspace_qdrant_daemon::grpc::services::system_service::tests::test_system_service_impl_send_sync::assert_sync::<workspace_qdrant_daemon::grpc::services::system_service::SystemServiceImpl>
FN:808,workspace_qdrant_daemon::grpc::services::system_service::tests::test_metrics_labels_structure
FN:427,workspace_qdrant_daemon::grpc::services::system_service::tests::test_get_status_uptime
FN:332,workspace_qdrant_daemon::grpc::services::system_service::tests::test_system_service_impl_debug::{closure#0}
FN:509,workspace_qdrant_daemon::grpc::services::system_service::tests::test_get_metrics_timestamps::{closure#0}
FN:189,<workspace_qdrant_daemon::grpc::services::system_service::SystemServiceImpl as workspace_qdrant_daemon::proto::system_service_server::SystemService>::detect_project
FN:481,workspace_qdrant_daemon::grpc::services::system_service::tests::test_get_metrics_different_requests
FN:465,workspace_qdrant_daemon::grpc::services::system_service::tests::test_get_metrics_basic::{closure#0}::{closure#0}
FN:398,workspace_qdrant_daemon::grpc::services::system_service::tests::test_get_status::{closure#0}
FN:189,<workspace_qdrant_daemon::grpc::services::system_service::SystemServiceImpl as workspace_qdrant_daemon::proto::system_service_server::SystemService>::detect_project
FN:541,workspace_qdrant_daemon::grpc::services::system_service::tests::test_get_config::{closure#0}
FN:31,<workspace_qdrant_daemon::grpc::services::system_service::SystemServiceImpl as workspace_qdrant_daemon::proto::system_service_server::SystemService>::health_check
FN:342,workspace_qdrant_daemon::grpc::services::system_service::tests::test_health_check
FN:398,workspace_qdrant_daemon::grpc::services::system_service::tests::test_get_status::{closure#0}
FN:447,workspace_qdrant_daemon::grpc::services::system_service::tests::test_get_metrics_basic
FN:332,workspace_qdrant_daemon::grpc::services::system_service::tests::test_system_service_impl_debug
FN:21,<workspace_qdrant_daemon::grpc::services::system_service::SystemServiceImpl>::new
FN:398,workspace_qdrant_daemon::grpc::services::system_service::tests::test_get_status
FN:318,workspace_qdrant_daemon::grpc::services::system_service::tests::create_test_daemon
FN:587,workspace_qdrant_daemon::grpc::services::system_service::tests::test_update_config_restart_required
FN:781,workspace_qdrant_daemon::grpc::services::system_service::tests::test_project_unique_ids::{closure#0}
FN:481,workspace_qdrant_daemon::grpc::services::system_service::tests::test_get_metrics_different_requests::{closure#0}
FN:541,workspace_qdrant_daemon::grpc::services::system_service::tests::test_get_config
FN:734,workspace_qdrant_daemon::grpc::services::system_service::tests::test_concurrent_system_operations::{closure#0}
FN:324,workspace_qdrant_daemon::grpc::services::system_service::tests::test_system_service_impl_new::{closure#0}
FN:687,workspace_qdrant_daemon::grpc::services::system_service::tests::test_list_projects
FN:566,workspace_qdrant_daemon::grpc::services::system_service::tests::test_update_config_basic
FN:607,workspace_qdrant_daemon::grpc::services::system_service::tests::test_detect_project::{closure#0}
FN:833,workspace_qdrant_daemon::grpc::services::system_service::tests::test_system_service_impl_send_sync
FN:318,workspace_qdrant_daemon::grpc::services::system_service::tests::create_test_daemon::{closure#0}
FN:357,workspace_qdrant_daemon::grpc::services::system_service::tests::test_health_check::{closure#0}::{closure#0}
FN:808,workspace_qdrant_daemon::grpc::services::system_service::tests::test_metrics_labels_structure::{closure#0}
FN:427,workspace_qdrant_daemon::grpc::services::system_service::tests::test_get_status_uptime::{closure#0}
FN:31,<workspace_qdrant_daemon::grpc::services::system_service::SystemServiceImpl as workspace_qdrant_daemon::proto::system_service_server::SystemService>::health_check
FN:218,<workspace_qdrant_daemon::grpc::services::system_service::SystemServiceImpl as workspace_qdrant_daemon::proto::system_service_server::SystemService>::list_projects
FN:687,workspace_qdrant_daemon::grpc::services::system_service::tests::test_list_projects::{closure#0}
FN:218,<workspace_qdrant_daemon::grpc::services::system_service::SystemServiceImpl as workspace_qdrant_daemon::proto::system_service_server::SystemService>::list_projects
FN:21,<workspace_qdrant_daemon::grpc::services::system_service::SystemServiceImpl>::new
FN:663,workspace_qdrant_daemon::grpc::services::system_service::tests::test_detect_project_timestamps::{closure#0}
FN:398,workspace_qdrant_daemon::grpc::services::system_service::tests::test_get_status
FN:189,<workspace_qdrant_daemon::grpc::services::system_service::SystemServiceImpl as workspace_qdrant_daemon::proto::system_service_server::SystemService>::detect_project
FN:447,workspace_qdrant_daemon::grpc::services::system_service::tests::test_get_metrics_basic::{closure#0}
FN:372,workspace_qdrant_daemon::grpc::services::system_service::tests::test_health_check_timestamps
FN:78,<workspace_qdrant_daemon::grpc::services::system_service::SystemServiceImpl as workspace_qdrant_daemon::proto::system_service_server::SystemService>::get_status
FN:663,workspace_qdrant_daemon::grpc::services::system_service::tests::test_detect_project_timestamps
FN:781,workspace_qdrant_daemon::grpc::services::system_service::tests::test_project_unique_ids
FN:148,<workspace_qdrant_daemon::grpc::services::system_service::SystemServiceImpl as workspace_qdrant_daemon::proto::system_service_server::SystemService>::get_config
FN:734,workspace_qdrant_daemon::grpc::services::system_service::tests::test_concurrent_system_operations
FN:324,workspace_qdrant_daemon::grpc::services::system_service::tests::test_system_service_impl_new
FN:833,workspace_qdrant_daemon::grpc::services::system_service::tests::test_system_service_impl_send_sync
FN:218,<workspace_qdrant_daemon::grpc::services::system_service::SystemServiceImpl as workspace_qdrant_daemon::proto::system_service_server::SystemService>::list_projects
FN:342,workspace_qdrant_daemon::grpc::services::system_service::tests::test_health_check::{closure#0}
FN:253,workspace_qdrant_daemon::grpc::services::system_service::tests::create_test_daemon_config
FN:743,workspace_qdrant_daemon::grpc::services::system_service::tests::test_concurrent_system_operations::{closure#0}::{closure#0}
FN:372,workspace_qdrant_daemon::grpc::services::system_service::tests::test_health_check_timestamps::{closure#0}
FN:509,workspace_qdrant_daemon::grpc::services::system_service::tests::test_get_metrics_timestamps
FN:31,<workspace_qdrant_daemon::grpc::services::system_service::SystemServiceImpl as workspace_qdrant_daemon::proto::system_service_server::SystemService>::health_check
FN:587,workspace_qdrant_daemon::grpc::services::system_service::tests::test_update_config_restart_required
FN:509,workspace_qdrant_daemon::grpc::services::system_service::tests::test_get_metrics_timestamps
FN:148,<workspace_qdrant_daemon::grpc::services::system_service::SystemServiceImpl as workspace_qdrant_daemon::proto::system_service_server::SystemService>::get_config
FNDA:0,<workspace_qdrant_daemon::grpc::services::system_service::SystemServiceImpl>::new
FNDA:0,workspace_qdrant_daemon::grpc::services::system_service::tests::test_get_config
FNDA:1,workspace_qdrant_daemon::grpc::services::system_service::tests::test_health_check
FNDA:1,workspace_qdrant_daemon::grpc::services::system_service::tests::test_system_service_impl_send_sync::assert_sync::<workspace_qdrant_daemon::grpc::services::system_service::SystemServiceImpl>
FNDA:0,workspace_qdrant_daemon::grpc::services::system_service::tests::test_concurrent_system_operations::{closure#0}
FNDA:0,workspace_qdrant_daemon::grpc::services::system_service::tests::test_get_metrics_basic::{closure#0}::{closure#1}
FNDA:0,<workspace_qdrant_daemon::grpc::services::system_service::SystemServiceImpl as workspace_qdrant_daemon::proto::system_service_server::SystemService>::update_config
FNDA:0,workspace_qdrant_daemon::grpc::services::system_service::tests::test_health_check::{closure#0}::{closure#0}
FNDA:1,workspace_qdrant_daemon::grpc::services::system_service::tests::create_test_daemon
FNDA:1,workspace_qdrant_daemon::grpc::services::system_service::tests::test_detect_project_different_paths
FNDA:1,workspace_qdrant_daemon::grpc::services::system_service::tests::test_metrics_labels_structure::{closure#0}
FNDA:0,workspace_qdrant_daemon::grpc::services::system_service::tests::test_get_metrics_basic::{closure#0}::{closure#1}
FNDA:0,workspace_qdrant_daemon::grpc::services::system_service::tests::test_system_service_impl_send_sync::assert_send::<workspace_qdrant_daemon::grpc::services::system_service::SystemServiceImpl>
FNDA:0,workspace_qdrant_daemon::grpc::services::system_service::tests::test_concurrent_system_operations::{closure#0}::{closure#0}
FNDA:0,workspace_qdrant_daemon::grpc::services::system_service::tests::create_test_daemon
FNDA:1,workspace_qdrant_daemon::grpc::services::system_service::tests::test_detect_project
FNDA:1,workspace_qdrant_daemon::grpc::services::system_service::tests::test_get_status_uptime::{closure#0}
FNDA:0,workspace_qdrant_daemon::grpc::services::system_service::tests::test_get_status::{closure#0}
FNDA:0,workspace_qdrant_daemon::grpc::services::system_service::tests::test_get_status
FNDA:1,workspace_qdrant_daemon::grpc::services::system_service::tests::test_update_config_restart_required::{closure#0}
FNDA:0,workspace_qdrant_daemon::grpc::services::system_service::tests::test_health_check::{closure#0}::{closure#0}
FNDA:0,<workspace_qdrant_daemon::grpc::services::system_service::SystemServiceImpl as workspace_qdrant_daemon::proto::system_service_server::SystemService>::get_config
FNDA:1,workspace_qdrant_daemon::grpc::services::system_service::tests::test_health_check
FNDA:1,workspace_qdrant_daemon::grpc::services::system_service::tests::test_update_config_basic::{closure#0}
FNDA:0,<workspace_qdrant_daemon::grpc::services::system_service::SystemServiceImpl as workspace_qdrant_daemon::proto::system_service_server::SystemService>::update_config
FNDA:0,<workspace_qdrant_daemon::grpc::services::system_service::SystemServiceImpl as workspace_qdrant_daemon::proto::system_service_server::SystemService>::get_status
FNDA:1,workspace_qdrant_daemon::grpc::services::system_service::tests::test_system_service_impl_debug
FNDA:1,workspace_qdrant_daemon::grpc::services::system_service::tests::test_list_projects
FNDA:0,workspace_qdrant_daemon::grpc::services::system_service::tests::test_list_projects_timestamps::{closure#0}
FNDA:0,workspace_qdrant_daemon::grpc::services::system_service::tests::test_list_projects::{closure#0}
FNDA:0,workspace_qdrant_daemon::grpc::services::system_service::tests::test_metrics_labels_structure
FNDA:0,workspace_qdrant_daemon::grpc::services::system_service::tests::test_list_projects_timestamps
FNDA:1,workspace_qdrant_daemon::grpc::services::system_service::tests::test_health_check::{closure#0}
FNDA:1,workspace_qdrant_daemon::grpc::services::system_service::tests::test_list_projects_timestamps
FNDA:0,<workspace_qdrant_daemon::grpc::services::system_service::SystemServiceImpl as workspace_qdrant_daemon::proto::system_service_server::SystemService>::health_check
FNDA:0,workspace_qdrant_daemon::grpc::services::system_service::tests::test_detect_project_different_paths::{closure#0}
FNDA:0,<workspace_qdrant_daemon::grpc::services::system_service::SystemServiceImpl as workspace_qdrant_daemon::proto::system_service_server::SystemService>::get_metrics
FNDA:1,workspace_qdrant_daemon::grpc::services::system_service::tests::test_system_service_impl_new
FNDA:1,workspace_qdrant_daemon::grpc::services::system_service::tests::test_health_check_timestamps
FNDA:1,workspace_qdrant_daemon::grpc::services::system_service::tests::create_test_daemon::{closure#0}
FNDA:0,workspace_qdrant_daemon::grpc::services::system_service::tests::test_update_config_basic::{closure#0}
FNDA:1,workspace_qdrant_daemon::grpc::services::system_service::tests::test_get_metrics_different_requests
FNDA:0,<workspace_qdrant_daemon::grpc::services::system_service::SystemServiceImpl as workspace_qdrant_daemon::proto::system_service_server::SystemService>::get_config
FNDA:1,workspace_qdrant_daemon::grpc::services::system_service::tests::create_test_daemon_config
FNDA:0,workspace_qdrant_daemon::grpc::services::system_service::tests::test_get_status_uptime
FNDA:0,workspace_qdrant_daemon::grpc::services::system_service::tests::test_system_service_impl_new::{closure#0}
FNDA:1,workspace_qdrant_daemon::grpc::services::system_service::tests::test_update_config_basic::{closure#0}
FNDA:0,workspace_qdrant_daemon::grpc::services::system_service::tests::test_detect_project_timestamps
FNDA:0,workspace_qdrant_daemon::grpc::services::system_service::tests::test_detect_project_different_paths
FNDA:1,workspace_qdrant_daemon::grpc::services::system_service::tests::test_get_config
FNDA:1,workspace_qdrant_daemon::grpc::services::system_service::tests::test_project_unique_ids::{closure#0}
FNDA:1,workspace_qdrant_daemon::grpc::services::system_service::tests::test_system_service_impl_debug::{closure#0}
FNDA:0,workspace_qdrant_daemon::grpc::services::system_service::tests::test_get_metrics_basic
FNDA:0,workspace_qdrant_daemon::grpc::services::system_service::tests::test_detect_project
FNDA:1,workspace_qdrant_daemon::grpc::services::system_service::tests::test_detect_project_timestamps::{closure#0}
FNDA:0,workspace_qdrant_daemon::grpc::services::system_service::tests::test_system_service_impl_send_sync::assert_sync::<workspace_qdrant_daemon::grpc::services::system_service::SystemServiceImpl>
FNDA:1,workspace_qdrant_daemon::grpc::services::system_service::tests::test_get_status_uptime
FNDA:1,workspace_qdrant_daemon::grpc::services::system_service::tests::test_get_metrics_timestamps::{closure#0}
FNDA:0,workspace_qdrant_daemon::grpc::services::system_service::tests::test_list_projects
FNDA:0,<workspace_qdrant_daemon::grpc::services::system_service::SystemServiceImpl as workspace_qdrant_daemon::proto::system_service_server::SystemService>::get_status
FNDA:1,workspace_qdrant_daemon::grpc::services::system_service::tests::test_list_projects_timestamps::{closure#0}
FNDA:0,<workspace_qdrant_daemon::grpc::services::system_service::SystemServiceImpl as workspace_qdrant_daemon::proto::system_service_server::SystemService>::get_status
FNDA:0,workspace_qdrant_daemon::grpc::services::system_service::tests::test_get_metrics_basic::{closure#0}::{closure#0}
FNDA:0,workspace_qdrant_daemon::grpc::services::system_service::tests::test_get_metrics_basic::{closure#0}::{closure#0}
FNDA:1,workspace_qdrant_daemon::grpc::services::system_service::tests::test_list_projects_timestamps
FNDA:0,workspace_qdrant_daemon::grpc::services::system_service::tests::test_system_service_impl_debug::{closure#0}
FNDA:0,workspace_qdrant_daemon::grpc::services::system_service::tests::test_get_status_uptime::{closure#0}
FNDA:1,workspace_qdrant_daemon::grpc::services::system_service::tests::create_test_daemon::{closure#0}
FNDA:1,workspace_qdrant_daemon::grpc::services::system_service::tests::test_system_service_impl_new::{closure#0}
FNDA:1,workspace_qdrant_daemon::grpc::services::system_service::tests::test_detect_project_different_paths::{closure#0}
FNDA:0,workspace_qdrant_daemon::grpc::services::system_service::tests::test_health_check_timestamps
FNDA:1,workspace_qdrant_daemon::grpc::services::system_service::tests::test_health_check_timestamps::{closure#0}
FNDA:0,<workspace_qdrant_daemon::grpc::services::system_service::SystemServiceImpl as workspace_qdrant_daemon::proto::system_service_server::SystemService>::health_check
FNDA:1,workspace_qdrant_daemon::grpc::services::system_service::tests::test_health_check_timestamps::{closure#0}
FNDA:1,workspace_qdrant_daemon::grpc::services::system_service::tests::test_concurrent_system_operations::{closure#0}
FNDA:1,workspace_qdrant_daemon::grpc::services::system_service::tests::test_health_check::{closure#0}
FNDA:0,<workspace_qdrant_daemon::grpc::services::system_service::SystemServiceImpl as workspace_qdrant_daemon::proto::system_service_server::SystemService>::get_config
FNDA:0,<workspace_qdrant_daemon::grpc::services::system_service::SystemServiceImpl as workspace_qdrant_daemon::proto::system_service_server::SystemService>::update_config
FNDA:0,<workspace_qdrant_daemon::grpc::services::system_service::SystemServiceImpl as workspace_qdrant_daemon::proto::system_service_server::SystemService>::update_config
FNDA:1,workspace_qdrant_daemon::grpc::services::system_service::tests::test_get_metrics_timestamps::{closure#0}
FNDA:0,<workspace_qdrant_daemon::grpc::services::system_service::SystemServiceImpl as workspace_qdrant_daemon::proto::system_service_server::SystemService>::detect_project
FNDA:1,workspace_qdrant_daemon::grpc::services::system_service::tests::test_get_metrics_different_requests::{closure#0}
FNDA:1,workspace_qdrant_daemon::grpc::services::system_service::tests::test_get_metrics_basic
FNDA:1,workspace_qdrant_daemon::grpc::services::system_service::tests::test_detect_project::{closure#0}
FNDA:0,workspace_qdrant_daemon::grpc::services::system_service::tests::test_get_config::{closure#0}
FNDA:0,workspace_qdrant_daemon::grpc::services::system_service::tests::test_update_config_restart_required
FNDA:0,<workspace_qdrant_daemon::grpc::services::system_service::SystemServiceImpl as workspace_qdrant_daemon::proto::system_service_server::SystemService>::detect_project
FNDA:0,workspace_qdrant_daemon::grpc::services::system_service::tests::test_project_unique_ids::{closure#0}
FNDA:0,workspace_qdrant_daemon::grpc::services::system_service::tests::create_test_daemon_config
FNDA:1,workspace_qdrant_daemon::grpc::services::system_service::tests::test_update_config_basic
FNDA:0,<workspace_qdrant_daemon::grpc::services::system_service::SystemServiceImpl as workspace_qdrant_daemon::proto::system_service_server::SystemService>::get_metrics
FNDA:0,<workspace_qdrant_daemon::grpc::services::system_service::SystemServiceImpl as workspace_qdrant_daemon::proto::system_service_server::SystemService>::list_projects
FNDA:0,<workspace_qdrant_daemon::grpc::services::system_service::SystemServiceImpl as workspace_qdrant_daemon::proto::system_service_server::SystemService>::get_status
FNDA:1,workspace_qdrant_daemon::grpc::services::system_service::tests::test_get_metrics_timestamps
FNDA:1,workspace_qdrant_daemon::grpc::services::system_service::tests::test_get_config::{closure#0}
FNDA:1,workspace_qdrant_daemon::grpc::services::system_service::tests::test_list_projects::{closure#0}
FNDA:0,workspace_qdrant_daemon::grpc::services::system_service::tests::test_get_metrics_basic::{closure#0}::{closure#1}
FNDA:0,<workspace_qdrant_daemon::grpc::services::system_service::SystemServiceImpl>::new
FNDA:1,workspace_qdrant_daemon::grpc::services::system_service::tests::test_metrics_labels_structure
FNDA:0,<workspace_qdrant_daemon::grpc::services::system_service::SystemServiceImpl>::new
FNDA:0,workspace_qdrant_daemon::grpc::services::system_service::tests::test_system_service_impl_new
FNDA:1,workspace_qdrant_daemon::grpc::services::system_service::tests::test_system_service_impl_send_sync
FNDA:1,workspace_qdrant_daemon::grpc::services::system_service::tests::test_project_unique_ids
FNDA:0,workspace_qdrant_daemon::grpc::services::system_service::tests::test_project_unique_ids
FNDA:0,workspace_qdrant_daemon::grpc::services::system_service::tests::test_get_metrics_basic::{closure#0}
FNDA:0,<workspace_qdrant_daemon::grpc::services::system_service::SystemServiceImpl as workspace_qdrant_daemon::proto::system_service_server::SystemService>::get_metrics
FNDA:1,workspace_qdrant_daemon::grpc::services::system_service::tests::test_detect_project_different_paths
FNDA:1,workspace_qdrant_daemon::grpc::services::system_service::tests::test_list_projects_timestamps::{closure#0}
FNDA:1,workspace_qdrant_daemon::grpc::services::system_service::tests::test_system_service_impl_send_sync::assert_send::<workspace_qdrant_daemon::grpc::services::system_service::SystemServiceImpl>
FNDA:1,workspace_qdrant_daemon::grpc::services::system_service::tests::test_detect_project_timestamps::{closure#0}
FNDA:1,workspace_qdrant_daemon::grpc::services::system_service::tests::test_get_metrics_basic::{closure#0}
FNDA:1,workspace_qdrant_daemon::grpc::services::system_service::tests::test_get_metrics_different_requests::{closure#0}
FNDA:0,<workspace_qdrant_daemon::grpc::services::system_service::SystemServiceImpl as workspace_qdrant_daemon::proto::system_service_server::SystemService>::list_projects
FNDA:1,workspace_qdrant_daemon::grpc::services::system_service::tests::test_metrics_labels_structure::{closure#0}
FNDA:1,workspace_qdrant_daemon::grpc::services::system_service::tests::test_update_config_restart_required::{closure#0}
FNDA:0,<workspace_qdrant_daemon::grpc::services::system_service::SystemServiceImpl as workspace_qdrant_daemon::proto::system_service_server::SystemService>::get_metrics
FNDA:0,<workspace_qdrant_daemon::grpc::services::system_service::SystemServiceImpl as workspace_qdrant_daemon::proto::system_service_server::SystemService>::get_metrics
FNDA:1,workspace_qdrant_daemon::grpc::services::system_service::tests::test_system_service_impl_send_sync::assert_send::<workspace_qdrant_daemon::grpc::services::system_service::SystemServiceImpl>
FNDA:1,workspace_qdrant_daemon::grpc::services::system_service::tests::test_get_metrics_different_requests
FNDA:1,workspace_qdrant_daemon::grpc::services::system_service::tests::test_concurrent_system_operations
FNDA:1,workspace_qdrant_daemon::grpc::services::system_service::tests::test_detect_project_different_paths::{closure#0}
FNDA:0,workspace_qdrant_daemon::grpc::services::system_service::tests::test_update_config_basic
FNDA:0,<workspace_qdrant_daemon::grpc::services::system_service::SystemServiceImpl as workspace_qdrant_daemon::proto::system_service_server::SystemService>::update_config
FNDA:0,workspace_qdrant_daemon::grpc::services::system_service::tests::test_concurrent_system_operations::{closure#0}::{closure#0}
FNDA:0,workspace_qdrant_daemon::grpc::services::system_service::tests::test_update_config_restart_required::{closure#0}
FNDA:1,workspace_qdrant_daemon::grpc::services::system_service::tests::test_detect_project::{closure#0}
FNDA:1,workspace_qdrant_daemon::grpc::services::system_service::tests::test_concurrent_system_operations
FNDA:1,workspace_qdrant_daemon::grpc::services::system_service::tests::test_detect_project_timestamps
FNDA:1,workspace_qdrant_daemon::grpc::services::system_service::tests::test_detect_project
FNDA:0,workspace_qdrant_daemon::grpc::services::system_service::tests::test_system_service_impl_debug
FNDA:1,workspace_qdrant_daemon::grpc::services::system_service::tests::test_system_service_impl_send_sync::assert_sync::<workspace_qdrant_daemon::grpc::services::system_service::SystemServiceImpl>
FNDA:1,workspace_qdrant_daemon::grpc::services::system_service::tests::test_metrics_labels_structure
FNDA:1,workspace_qdrant_daemon::grpc::services::system_service::tests::test_get_status_uptime
FNDA:1,workspace_qdrant_daemon::grpc::services::system_service::tests::test_system_service_impl_debug::{closure#0}
FNDA:0,workspace_qdrant_daemon::grpc::services::system_service::tests::test_get_metrics_timestamps::{closure#0}
FNDA:0,<workspace_qdrant_daemon::grpc::services::system_service::SystemServiceImpl as workspace_qdrant_daemon::proto::system_service_server::SystemService>::detect_project
FNDA:0,workspace_qdrant_daemon::grpc::services::system_service::tests::test_get_metrics_different_requests
FNDA:0,workspace_qdrant_daemon::grpc::services::system_service::tests::test_get_metrics_basic::{closure#0}::{closure#0}
FNDA:1,workspace_qdrant_daemon::grpc::services::system_service::tests::test_get_status::{closure#0}
FNDA:0,<workspace_qdrant_daemon::grpc::services::system_service::SystemServiceImpl as workspace_qdrant_daemon::proto::system_service_server::SystemService>::detect_project
FNDA:1,workspace_qdrant_daemon::grpc::services::system_service::tests::test_get_config::{closure#0}
FNDA:0,<workspace_qdrant_daemon::grpc::services::system_service::SystemServiceImpl as workspace_qdrant_daemon::proto::system_service_server::SystemService>::health_check
FNDA:0,workspace_qdrant_daemon::grpc::services::system_service::tests::test_health_check
FNDA:1,workspace_qdrant_daemon::grpc::services::system_service::tests::test_get_status::{closure#0}
FNDA:1,workspace_qdrant_daemon::grpc::services::system_service::tests::test_get_metrics_basic
FNDA:1,workspace_qdrant_daemon::grpc::services::system_service::tests::test_system_service_impl_debug
FNDA:0,<workspace_qdrant_daemon::grpc::services::system_service::SystemServiceImpl>::new
FNDA:1,workspace_qdrant_daemon::grpc::services::system_service::tests::test_get_status
FNDA:1,workspace_qdrant_daemon::grpc::services::system_service::tests::create_test_daemon
FNDA:1,workspace_qdrant_daemon::grpc::services::system_service::tests::test_update_config_restart_required
FNDA:1,workspace_qdrant_daemon::grpc::services::system_service::tests::test_project_unique_ids::{closure#0}
FNDA:0,workspace_qdrant_daemon::grpc::services::system_service::tests::test_get_metrics_different_requests::{closure#0}
FNDA:1,workspace_qdrant_daemon::grpc::services::system_service::tests::test_get_config
FNDA:1,workspace_qdrant_daemon::grpc::services::system_service::tests::test_concurrent_system_operations::{closure#0}
FNDA:1,workspace_qdrant_daemon::grpc::services::system_service::tests::test_system_service_impl_new::{closure#0}
FNDA:1,workspace_qdrant_daemon::grpc::services::system_service::tests::test_list_projects
FNDA:1,workspace_qdrant_daemon::grpc::services::system_service::tests::test_update_config_basic
FNDA:0,workspace_qdrant_daemon::grpc::services::system_service::tests::test_detect_project::{closure#0}
FNDA:1,workspace_qdrant_daemon::grpc::services::system_service::tests::test_system_service_impl_send_sync
FNDA:0,workspace_qdrant_daemon::grpc::services::system_service::tests::create_test_daemon::{closure#0}
FNDA:0,workspace_qdrant_daemon::grpc::services::system_service::tests::test_health_check::{closure#0}::{closure#0}
FNDA:0,workspace_qdrant_daemon::grpc::services::system_service::tests::test_metrics_labels_structure::{closure#0}
FNDA:1,workspace_qdrant_daemon::grpc::services::system_service::tests::test_get_status_uptime::{closure#0}
FNDA:0,<workspace_qdrant_daemon::grpc::services::system_service::SystemServiceImpl as workspace_qdrant_daemon::proto::system_service_server::SystemService>::health_check
FNDA:0,<workspace_qdrant_daemon::grpc::services::system_service::SystemServiceImpl as workspace_qdrant_daemon::proto::system_service_server::SystemService>::list_projects
FNDA:1,workspace_qdrant_daemon::grpc::services::system_service::tests::test_list_projects::{closure#0}
FNDA:0,<workspace_qdrant_daemon::grpc::services::system_service::SystemServiceImpl as workspace_qdrant_daemon::proto::system_service_server::SystemService>::list_projects
FNDA:0,<workspace_qdrant_daemon::grpc::services::system_service::SystemServiceImpl>::new
FNDA:0,workspace_qdrant_daemon::grpc::services::system_service::tests::test_detect_project_timestamps::{closure#0}
FNDA:1,workspace_qdrant_daemon::grpc::services::system_service::tests::test_get_status
FNDA:0,<workspace_qdrant_daemon::grpc::services::system_service::SystemServiceImpl as workspace_qdrant_daemon::proto::system_service_server::SystemService>::detect_project
FNDA:1,workspace_qdrant_daemon::grpc::services::system_service::tests::test_get_metrics_basic::{closure#0}
FNDA:1,workspace_qdrant_daemon::grpc::services::system_service::tests::test_health_check_timestamps
FNDA:0,<workspace_qdrant_daemon::grpc::services::system_service::SystemServiceImpl as workspace_qdrant_daemon::proto::system_service_server::SystemService>::get_status
FNDA:1,workspace_qdrant_daemon::grpc::services::system_service::tests::test_detect_project_timestamps
FNDA:1,workspace_qdrant_daemon::grpc::services::system_service::tests::test_project_unique_ids
FNDA:0,<workspace_qdrant_daemon::grpc::services::system_service::SystemServiceImpl as workspace_qdrant_daemon::proto::system_service_server::SystemService>::get_config
FNDA:0,workspace_qdrant_daemon::grpc::services::system_service::tests::test_concurrent_system_operations
FNDA:1,workspace_qdrant_daemon::grpc::services::system_service::tests::test_system_service_impl_new
FNDA:0,workspace_qdrant_daemon::grpc::services::system_service::tests::test_system_service_impl_send_sync
FNDA:0,<workspace_qdrant_daemon::grpc::services::system_service::SystemServiceImpl as workspace_qdrant_daemon::proto::system_service_server::SystemService>::list_projects
FNDA:0,workspace_qdrant_daemon::grpc::services::system_service::tests::test_health_check::{closure#0}
FNDA:1,workspace_qdrant_daemon::grpc::services::system_service::tests::create_test_daemon_config
FNDA:0,workspace_qdrant_daemon::grpc::services::system_service::tests::test_concurrent_system_operations::{closure#0}::{closure#0}
FNDA:0,workspace_qdrant_daemon::grpc::services::system_service::tests::test_health_check_timestamps::{closure#0}
FNDA:0,workspace_qdrant_daemon::grpc::services::system_service::tests::test_get_metrics_timestamps
FNDA:0,<workspace_qdrant_daemon::grpc::services::system_service::SystemServiceImpl as workspace_qdrant_daemon::proto::system_service_server::SystemService>::health_check
FNDA:1,workspace_qdrant_daemon::grpc::services::system_service::tests::test_update_config_restart_required
FNDA:1,workspace_qdrant_daemon::grpc::services::system_service::tests::test_get_metrics_timestamps
FNDA:0,<workspace_qdrant_daemon::grpc::services::system_service::SystemServiceImpl as workspace_qdrant_daemon::proto::system_service_server::SystemService>::get_config
FNF:190
FNH:92
BRF:0
BRH:0
DA:21,0
DA:22,0
DA:23,0
DA:31,0
DA:73,0
DA:78,0
DA:103,0
DA:108,0
DA:143,0
DA:148,0
DA:167,0
DA:172,0
DA:184,0
DA:189,0
DA:213,0
DA:218,0
DA:241,0
DA:253,80
DA:254,80
DA:255,80
DA:257,80
DA:258,80
DA:259,80
DA:260,80
DA:261,80
DA:262,80
DA:263,80
DA:264,80
DA:265,80
DA:266,80
DA:267,80
DA:268,80
DA:269,80
DA:270,80
DA:271,80
DA:272,80
DA:273,80
DA:274,80
DA:275,80
DA:276,80
DA:277,80
DA:278,80
DA:279,80
DA:280,80
DA:281,80
DA:282,80
DA:283,80
DA:284,80
DA:285,80
DA:286,80
DA:287,80
DA:288,80
DA:289,80
DA:290,80
DA:291,80
DA:292,80
DA:293,80
DA:294,80
DA:295,80
DA:296,80
DA:297,80
DA:298,80
DA:299,80
DA:300,80
DA:301,80
DA:302,80
DA:303,80
DA:304,80
DA:305,80
DA:306,80
DA:307,80
DA:308,80
DA:309,80
DA:310,80
DA:311,80
DA:312,80
DA:313,80
DA:314,80
DA:315,80
DA:316,80
DA:318,100
DA:319,80
DA:320,80
DA:321,80
DA:324,5
DA:325,4
DA:326,0
DA:328,1
DA:329,4
DA:332,5
DA:333,4
DA:334,0
DA:336,0
DA:337,0
DA:338,1
DA:339,4
DA:342,5
DA:343,4
DA:344,0
DA:346,0
DA:347,0
DA:348,0
DA:350,0
DA:351,0
DA:352,0
DA:353,0
DA:356,0
DA:357,0
DA:358,0
DA:359,0
DA:360,0
DA:361,0
DA:364,4
DA:365,4
DA:366,4
DA:367,4
DA:368,4
DA:369,4
DA:372,5
DA:373,4
DA:374,0
DA:376,0
DA:377,0
DA:378,0
DA:379,0
DA:381,0
DA:382,0
DA:385,0
DA:386,0
DA:387,0
DA:390,4
DA:391,4
DA:392,4
DA:393,4
DA:394,4
DA:395,4
DA:398,5
DA:399,4
DA:400,0
DA:402,0
DA:403,0
DA:404,0
DA:406,0
DA:407,0
DA:408,0
DA:409,0
DA:410,0
DA:411,0
DA:412,0
DA:413,0
DA:416,0
DA:417,0
DA:418,0
DA:419,0
DA:420,0
DA:421,0
DA:422,0
DA:423,1
DA:424,4
DA:427,5
DA:428,4
DA:429,0
DA:431,0
DA:432,0
DA:433,0
DA:435,0
DA:436,0
DA:438,0
DA:439,0
DA:442,0
DA:443,1
DA:444,4
DA:447,5
DA:448,4
DA:449,0
DA:451,0
DA:452,0
DA:453,0
DA:454,0
DA:456,0
DA:457,0
DA:459,0
DA:460,0
DA:461,0
DA:464,0
DA:465,0
DA:466,0
DA:467,0
DA:468,0
DA:469,0
DA:470,0
DA:472,0
DA:473,0
DA:474,0
DA:475,0
DA:476,0
DA:477,1
DA:478,4
DA:481,5
DA:482,4
DA:483,0
DA:485,0
DA:486,0
DA:487,0
DA:488,0
DA:489,0
DA:490,0
DA:491,0
DA:493,4
DA:494,4
DA:495,1
DA:496,1
DA:497,1
DA:498,4
DA:499,4
DA:500,4
DA:501,4
DA:502,4
DA:503,4
DA:504,4
DA:505,4
DA:506,4
DA:509,5
DA:510,4
DA:511,0
DA:513,0
DA:514,0
DA:515,0
DA:516,0
DA:517,0
DA:518,0
DA:519,0
DA:520,0
DA:522,0
DA:523,0
DA:524,0
DA:526,0
DA:527,0
DA:529,0
DA:530,0
DA:533,4
DA:534,4
DA:535,4
DA:536,4
DA:537,4
DA:538,4
DA:541,5
DA:542,4
DA:543,0
DA:545,0
DA:546,0
DA:547,0
DA:549,0
DA:550,0
DA:551,0
DA:554,0
DA:555,0
DA:556,0
DA:557,0
DA:558,0
DA:561,0
DA:562,1
DA:563,4
DA:566,5
DA:567,4
DA:568,0
DA:570,0
DA:571,0
DA:572,0
DA:574,0
DA:575,0
DA:576,0
DA:577,0
DA:579,0
DA:580,0
DA:582,0
DA:583,1
DA:584,4
DA:587,5
DA:588,4
DA:589,0
DA:591,0
DA:592,0
DA:594,0
DA:595,0
DA:596,0
DA:597,0
DA:599,0
DA:600,0
DA:602,0
DA:603,1
DA:604,4
DA:607,5
DA:608,4
DA:609,0
DA:611,0
DA:612,0
DA:613,0
DA:615,0
DA:616,0
DA:618,0
DA:619,0
DA:620,0
DA:621,0
DA:622,0
DA:624,0
DA:625,0
DA:626,0
DA:627,0
DA:628,0
DA:629,0
DA:630,0
DA:631,0
DA:632,1
DA:633,4
DA:636,5
DA:637,4
DA:638,0
DA:640,0
DA:641,0
DA:642,0
DA:643,0
DA:644,0
DA:645,0
DA:646,0
DA:648,4
DA:649,4
DA:650,1
DA:651,1
DA:652,4
DA:653,4
DA:654,4
DA:655,4
DA:656,4
DA:657,4
DA:658,4
DA:659,4
DA:660,4
DA:663,5
DA:664,4
DA:665,0
DA:667,0
DA:668,0
DA:669,0
DA:670,0
DA:672,0
DA:673,0
DA:674,0
DA:676,0
DA:677,0
DA:679,0
DA:680,0
DA:682,0
DA:683,1
DA:684,4
DA:687,5
DA:688,4
DA:689,0
DA:691,0
DA:692,0
DA:693,0
DA:695,0
DA:696,0
DA:698,0
DA:699,0
DA:700,0
DA:701,0
DA:702,0
DA:703,0
DA:704,0
DA:705,0
DA:706,0
DA:707,1
DA:708,4
DA:711,5
DA:712,4
DA:713,0
DA:715,0
DA:716,0
DA:717,0
DA:719,0
DA:720,0
DA:722,0
DA:723,0
DA:725,0
DA:726,0
DA:729,0
DA:730,1
DA:731,4
DA:734,5
DA:735,4
DA:736,0
DA:738,0
DA:741,0
DA:742,0
DA:743,0
DA:745,0
DA:746,0
DA:749,0
DA:750,0
DA:753,0
DA:754,0
DA:757,0
DA:758,0
DA:759,0
DA:760,0
DA:762,0
DA:763,0
DA:764,0
DA:768,0
DA:771,4
DA:772,4
DA:773,4
DA:774,4
DA:775,4
DA:776,4
DA:777,4
DA:778,4
DA:781,5
DA:782,4
DA:783,0
DA:785,0
DA:788,4
DA:789,4
DA:790,1
DA:791,1
DA:792,4
DA:793,4
DA:794,4
DA:795,4
DA:796,4
DA:797,4
DA:798,4
DA:799,4
DA:800,4
DA:801,4
DA:802,4
DA:803,4
DA:804,4
DA:805,4
DA:808,5
DA:809,4
DA:810,0
DA:812,0
DA:813,0
DA:814,0
DA:815,0
DA:817,0
DA:818,0
DA:820,0
DA:821,0
DA:823,4
DA:824,4
DA:825,4
DA:826,4
DA:827,4
DA:828,4
DA:829,4
DA:830,4
DA:833,4
DA:834,4
DA:835,4
DA:837,4
DA:838,4
DA:839,4
LF:465
LH:216
end_of_record
SF:src/grpc/services/memory_service.rs
FN:652,workspace_qdrant_daemon::grpc::services::memory_service::tests::test_delete_collection
FN:652,workspace_qdrant_daemon::grpc::services::memory_service::tests::test_delete_collection
FN:798,workspace_qdrant_daemon::grpc::services::memory_service::tests::test_document_unique_ids
FN:416,workspace_qdrant_daemon::grpc::services::memory_service::tests::test_update_document_basic::{closure#0}
FN:440,workspace_qdrant_daemon::grpc::services::memory_service::tests::test_update_document_timestamp::{closure#0}
FN:72,<workspace_qdrant_daemon::grpc::services::memory_service::MemoryServiceImpl as workspace_qdrant_daemon::proto::memory_service_server::MemoryService>::remove_document
FN:688,workspace_qdrant_daemon::grpc::services::memory_service::tests::test_list_collections::{closure#0}
FN:332,workspace_qdrant_daemon::grpc::services::memory_service::tests::test_add_document_with_metadata::{closure#0}
FN:217,workspace_qdrant_daemon::grpc::services::memory_service::tests::create_test_daemon_config
FN:469,workspace_qdrant_daemon::grpc::services::memory_service::tests::test_remove_document::{closure#0}
FN:469,workspace_qdrant_daemon::grpc::services::memory_service::tests::test_remove_document
FN:52,<workspace_qdrant_daemon::grpc::services::memory_service::MemoryServiceImpl as workspace_qdrant_daemon::proto::memory_service_server::MemoryService>::update_document
FN:217,workspace_qdrant_daemon::grpc::services::memory_service::tests::create_test_daemon_config
FN:288,workspace_qdrant_daemon::grpc::services::memory_service::tests::test_memory_service_impl_new
FN:469,workspace_qdrant_daemon::grpc::services::memory_service::tests::test_remove_document
FN:147,<workspace_qdrant_daemon::grpc::services::memory_service::MemoryServiceImpl as workspace_qdrant_daemon::proto::memory_service_server::MemoryService>::create_collection
FN:72,<workspace_qdrant_daemon::grpc::services::memory_service::MemoryServiceImpl as workspace_qdrant_daemon::proto::memory_service_server::MemoryService>::remove_document
FN:164,<workspace_qdrant_daemon::grpc::services::memory_service::MemoryServiceImpl as workspace_qdrant_daemon::proto::memory_service_server::MemoryService>::delete_collection
FN:52,<workspace_qdrant_daemon::grpc::services::memory_service::MemoryServiceImpl as workspace_qdrant_daemon::proto::memory_service_server::MemoryService>::update_document
FN:84,<workspace_qdrant_daemon::grpc::services::memory_service::MemoryServiceImpl as workspace_qdrant_daemon::proto::memory_service_server::MemoryService>::get_document
FN:25,<workspace_qdrant_daemon::grpc::services::memory_service::MemoryServiceImpl>::new
FN:652,workspace_qdrant_daemon::grpc::services::memory_service::tests::test_delete_collection
FN:670,workspace_qdrant_daemon::grpc::services::memory_service::tests::test_delete_collection_force::{closure#0}
FN:296,workspace_qdrant_daemon::grpc::services::memory_service::tests::test_memory_service_impl_debug::{closure#0}
FN:620,workspace_qdrant_daemon::grpc::services::memory_service::tests::test_create_collection_different_configs::{closure#0}
FN:652,workspace_qdrant_daemon::grpc::services::memory_service::tests::test_delete_collection::{closure#0}
FN:830,workspace_qdrant_daemon::grpc::services::memory_service::tests::test_collection_unique_ids::{closure#0}
FN:416,workspace_qdrant_daemon::grpc::services::memory_service::tests::test_update_document_basic::{closure#0}
FN:486,workspace_qdrant_daemon::grpc::services::memory_service::tests::test_get_document::{closure#0}
FN:282,workspace_qdrant_daemon::grpc::services::memory_service::tests::create_test_daemon::{closure#0}
FN:620,workspace_qdrant_daemon::grpc::services::memory_service::tests::test_create_collection_different_configs
FN:798,workspace_qdrant_daemon::grpc::services::memory_service::tests::test_document_unique_ids::{closure#0}
FN:512,workspace_qdrant_daemon::grpc::services::memory_service::tests::test_get_document_timestamps
FN:688,workspace_qdrant_daemon::grpc::services::memory_service::tests::test_list_collections
FN:147,<workspace_qdrant_daemon::grpc::services::memory_service::MemoryServiceImpl as workspace_qdrant_daemon::proto::memory_service_server::MemoryService>::create_collection
FN:306,workspace_qdrant_daemon::grpc::services::memory_service::tests::test_add_document_basic
FN:25,<workspace_qdrant_daemon::grpc::services::memory_service::MemoryServiceImpl>::new
FN:440,workspace_qdrant_daemon::grpc::services::memory_service::tests::test_update_document_timestamp
FN:164,<workspace_qdrant_daemon::grpc::services::memory_service::MemoryServiceImpl as workspace_qdrant_daemon::proto::memory_service_server::MemoryService>::delete_collection
FN:332,workspace_qdrant_daemon::grpc::services::memory_service::tests::test_add_document_with_metadata::{closure#0}
FN:306,workspace_qdrant_daemon::grpc::services::memory_service::tests::test_add_document_basic::{closure#0}
FN:440,workspace_qdrant_daemon::grpc::services::memory_service::tests::test_update_document_timestamp
FN:25,<workspace_qdrant_daemon::grpc::services::memory_service::MemoryServiceImpl>::new
FN:670,workspace_qdrant_daemon::grpc::services::memory_service::tests::test_delete_collection_force::{closure#0}
FN:177,<workspace_qdrant_daemon::grpc::services::memory_service::MemoryServiceImpl as workspace_qdrant_daemon::proto::memory_service_server::MemoryService>::list_collections
FN:830,workspace_qdrant_daemon::grpc::services::memory_service::tests::test_collection_unique_ids
FN:745,workspace_qdrant_daemon::grpc::services::memory_service::tests::test_concurrent_memory_operations::{closure#0}
FN:719,workspace_qdrant_daemon::grpc::services::memory_service::tests::test_list_collections_different_projects
FN:306,workspace_qdrant_daemon::grpc::services::memory_service::tests::test_add_document_basic
FN:416,workspace_qdrant_daemon::grpc::services::memory_service::tests::test_update_document_basic
FN:296,workspace_qdrant_daemon::grpc::services::memory_service::tests::test_memory_service_impl_debug::{closure#0}
FN:164,<workspace_qdrant_daemon::grpc::services::memory_service::MemoryServiceImpl as workspace_qdrant_daemon::proto::memory_service_server::MemoryService>::delete_collection
FN:332,workspace_qdrant_daemon::grpc::services::memory_service::tests::test_add_document_with_metadata
FN:381,workspace_qdrant_daemon::grpc::services::memory_service::tests::test_add_document_different_file_types
FN:861,workspace_qdrant_daemon::grpc::services::memory_service::tests::test_memory_service_impl_send_sync
FN:670,workspace_qdrant_daemon::grpc::services::memory_service::tests::test_delete_collection_force
FN:862,workspace_qdrant_daemon::grpc::services::memory_service::tests::test_memory_service_impl_send_sync::assert_send::<workspace_qdrant_daemon::grpc::services::memory_service::MemoryServiceImpl>
FN:440,workspace_qdrant_daemon::grpc::services::memory_service::tests::test_update_document_timestamp::{closure#0}
FN:25,<workspace_qdrant_daemon::grpc::services::memory_service::MemoryServiceImpl>::new
FN:512,workspace_qdrant_daemon::grpc::services::memory_service::tests::test_get_document_timestamps::{closure#0}
FN:652,workspace_qdrant_daemon::grpc::services::memory_service::tests::test_delete_collection::{closure#0}
FN:288,workspace_qdrant_daemon::grpc::services::memory_service::tests::test_memory_service_impl_new::{closure#0}
FN:719,workspace_qdrant_daemon::grpc::services::memory_service::tests::test_list_collections_different_projects::{closure#0}
FN:566,workspace_qdrant_daemon::grpc::services::memory_service::tests::test_list_documents_pagination
FN:512,workspace_qdrant_daemon::grpc::services::memory_service::tests::test_get_document_timestamps
FN:745,workspace_qdrant_daemon::grpc::services::memory_service::tests::test_concurrent_memory_operations::{closure#0}
FN:381,workspace_qdrant_daemon::grpc::services::memory_service::tests::test_add_document_different_file_types::{closure#0}
FN:595,workspace_qdrant_daemon::grpc::services::memory_service::tests::test_create_collection
FN:177,<workspace_qdrant_daemon::grpc::services::memory_service::MemoryServiceImpl as workspace_qdrant_daemon::proto::memory_service_server::MemoryService>::list_collections
FN:620,workspace_qdrant_daemon::grpc::services::memory_service::tests::test_create_collection_different_configs::{closure#0}
FN:798,workspace_qdrant_daemon::grpc::services::memory_service::tests::test_document_unique_ids
FN:830,workspace_qdrant_daemon::grpc::services::memory_service::tests::test_collection_unique_ids
FN:719,workspace_qdrant_daemon::grpc::services::memory_service::tests::test_list_collections_different_projects
FN:217,workspace_qdrant_daemon::grpc::services::memory_service::tests::create_test_daemon_config
FN:469,workspace_qdrant_daemon::grpc::services::memory_service::tests::test_remove_document
FN:147,<workspace_qdrant_daemon::grpc::services::memory_service::MemoryServiceImpl as workspace_qdrant_daemon::proto::memory_service_server::MemoryService>::create_collection
FN:512,workspace_qdrant_daemon::grpc::services::memory_service::tests::test_get_document_timestamps
FN:861,workspace_qdrant_daemon::grpc::services::memory_service::tests::test_memory_service_impl_send_sync
FN:670,workspace_qdrant_daemon::grpc::services::memory_service::tests::test_delete_collection_force
FN:719,workspace_qdrant_daemon::grpc::services::memory_service::tests::test_list_collections_different_projects
FN:688,workspace_qdrant_daemon::grpc::services::memory_service::tests::test_list_collections
FN:595,workspace_qdrant_daemon::grpc::services::memory_service::tests::test_create_collection
FN:566,workspace_qdrant_daemon::grpc::services::memory_service::tests::test_list_documents_pagination::{closure#0}
FN:652,workspace_qdrant_daemon::grpc::services::memory_service::tests::test_delete_collection::{closure#0}
FN:486,workspace_qdrant_daemon::grpc::services::memory_service::tests::test_get_document
FN:861,workspace_qdrant_daemon::grpc::services::memory_service::tests::test_memory_service_impl_send_sync
FN:147,<workspace_qdrant_daemon::grpc::services::memory_service::MemoryServiceImpl as workspace_qdrant_daemon::proto::memory_service_server::MemoryService>::create_collection
FN:25,<workspace_qdrant_daemon::grpc::services::memory_service::MemoryServiceImpl>::new
FN:670,workspace_qdrant_daemon::grpc::services::memory_service::tests::test_delete_collection_force::{closure#0}
FN:113,<workspace_qdrant_daemon::grpc::services::memory_service::MemoryServiceImpl as workspace_qdrant_daemon::proto::memory_service_server::MemoryService>::list_documents
FN:670,workspace_qdrant_daemon::grpc::services::memory_service::tests::test_delete_collection_force
FN:84,<workspace_qdrant_daemon::grpc::services::memory_service::MemoryServiceImpl as workspace_qdrant_daemon::proto::memory_service_server::MemoryService>::get_document
FN:84,<workspace_qdrant_daemon::grpc::services::memory_service::MemoryServiceImpl as workspace_qdrant_daemon::proto::memory_service_server::MemoryService>::get_document
FN:536,workspace_qdrant_daemon::grpc::services::memory_service::tests::test_list_documents::{closure#0}
FN:830,workspace_qdrant_daemon::grpc::services::memory_service::tests::test_collection_unique_ids::{closure#0}
FN:72,<workspace_qdrant_daemon::grpc::services::memory_service::MemoryServiceImpl as workspace_qdrant_daemon::proto::memory_service_server::MemoryService>::remove_document
FN:862,workspace_qdrant_daemon::grpc::services::memory_service::tests::test_memory_service_impl_send_sync::assert_send::<workspace_qdrant_daemon::grpc::services::memory_service::MemoryServiceImpl>
FN:282,workspace_qdrant_daemon::grpc::services::memory_service::tests::create_test_daemon
FN:113,<workspace_qdrant_daemon::grpc::services::memory_service::MemoryServiceImpl as workspace_qdrant_daemon::proto::memory_service_server::MemoryService>::list_documents
FN:863,workspace_qdrant_daemon::grpc::services::memory_service::tests::test_memory_service_impl_send_sync::assert_sync::<workspace_qdrant_daemon::grpc::services::memory_service::MemoryServiceImpl>
FN:512,workspace_qdrant_daemon::grpc::services::memory_service::tests::test_get_document_timestamps::{closure#0}
FN:440,workspace_qdrant_daemon::grpc::services::memory_service::tests::test_update_document_timestamp
FN:288,workspace_qdrant_daemon::grpc::services::memory_service::tests::test_memory_service_impl_new
FN:306,workspace_qdrant_daemon::grpc::services::memory_service::tests::test_add_document_basic::{closure#0}
FN:440,workspace_qdrant_daemon::grpc::services::memory_service::tests::test_update_document_timestamp::{closure#0}
FN:536,workspace_qdrant_daemon::grpc::services::memory_service::tests::test_list_documents
FN:862,workspace_qdrant_daemon::grpc::services::memory_service::tests::test_memory_service_impl_send_sync::assert_send::<workspace_qdrant_daemon::grpc::services::memory_service::MemoryServiceImpl>
FN:282,workspace_qdrant_daemon::grpc::services::memory_service::tests::create_test_daemon
FN:72,<workspace_qdrant_daemon::grpc::services::memory_service::MemoryServiceImpl as workspace_qdrant_daemon::proto::memory_service_server::MemoryService>::remove_document
FN:164,<workspace_qdrant_daemon::grpc::services::memory_service::MemoryServiceImpl as workspace_qdrant_daemon::proto::memory_service_server::MemoryService>::delete_collection
FN:536,workspace_qdrant_daemon::grpc::services::memory_service::tests::test_list_documents::{closure#0}
FN:754,workspace_qdrant_daemon::grpc::services::memory_service::tests::test_concurrent_memory_operations::{closure#0}::{closure#0}
FN:416,workspace_qdrant_daemon::grpc::services::memory_service::tests::test_update_document_basic::{closure#0}
FN:566,workspace_qdrant_daemon::grpc::services::memory_service::tests::test_list_documents_pagination::{closure#0}
FN:332,workspace_qdrant_daemon::grpc::services::memory_service::tests::test_add_document_with_metadata::{closure#0}
FN:719,workspace_qdrant_daemon::grpc::services::memory_service::tests::test_list_collections_different_projects::{closure#0}
FN:35,<workspace_qdrant_daemon::grpc::services::memory_service::MemoryServiceImpl as workspace_qdrant_daemon::proto::memory_service_server::MemoryService>::add_document
FN:306,workspace_qdrant_daemon::grpc::services::memory_service::tests::test_add_document_basic::{closure#0}
FN:595,workspace_qdrant_daemon::grpc::services::memory_service::tests::test_create_collection
FN:830,workspace_qdrant_daemon::grpc::services::memory_service::tests::test_collection_unique_ids
FN:620,workspace_qdrant_daemon::grpc::services::memory_service::tests::test_create_collection_different_configs
FN:566,workspace_qdrant_daemon::grpc::services::memory_service::tests::test_list_documents_pagination
FN:830,workspace_qdrant_daemon::grpc::services::memory_service::tests::test_collection_unique_ids::{closure#0}
FN:381,workspace_qdrant_daemon::grpc::services::memory_service::tests::test_add_document_different_file_types
FN:296,workspace_qdrant_daemon::grpc::services::memory_service::tests::test_memory_service_impl_debug::{closure#0}
FN:595,workspace_qdrant_daemon::grpc::services::memory_service::tests::test_create_collection::{closure#0}
FN:282,workspace_qdrant_daemon::grpc::services::memory_service::tests::create_test_daemon::{closure#0}
FN:416,workspace_qdrant_daemon::grpc::services::memory_service::tests::test_update_document_basic
FN:595,workspace_qdrant_daemon::grpc::services::memory_service::tests::test_create_collection::{closure#0}
FN:486,workspace_qdrant_daemon::grpc::services::memory_service::tests::test_get_document
FN:745,workspace_qdrant_daemon::grpc::services::memory_service::tests::test_concurrent_memory_operations
FN:469,workspace_qdrant_daemon::grpc::services::memory_service::tests::test_remove_document::{closure#0}
FN:72,<workspace_qdrant_daemon::grpc::services::memory_service::MemoryServiceImpl as workspace_qdrant_daemon::proto::memory_service_server::MemoryService>::remove_document
FN:719,workspace_qdrant_daemon::grpc::services::memory_service::tests::test_list_collections_different_projects::{closure#0}
FN:164,<workspace_qdrant_daemon::grpc::services::memory_service::MemoryServiceImpl as workspace_qdrant_daemon::proto::memory_service_server::MemoryService>::delete_collection
FN:798,workspace_qdrant_daemon::grpc::services::memory_service::tests::test_document_unique_ids
FN:469,workspace_qdrant_daemon::grpc::services::memory_service::tests::test_remove_document::{closure#0}
FN:147,<workspace_qdrant_daemon::grpc::services::memory_service::MemoryServiceImpl as workspace_qdrant_daemon::proto::memory_service_server::MemoryService>::create_collection
FN:177,<workspace_qdrant_daemon::grpc::services::memory_service::MemoryServiceImpl as workspace_qdrant_daemon::proto::memory_service_server::MemoryService>::list_collections
FN:113,<workspace_qdrant_daemon::grpc::services::memory_service::MemoryServiceImpl as workspace_qdrant_daemon::proto::memory_service_server::MemoryService>::list_documents
FN:282,workspace_qdrant_daemon::grpc::services::memory_service::tests::create_test_daemon
FN:486,workspace_qdrant_daemon::grpc::services::memory_service::tests::test_get_document
FN:566,workspace_qdrant_daemon::grpc::services::memory_service::tests::test_list_documents_pagination
FN:296,workspace_qdrant_daemon::grpc::services::memory_service::tests::test_memory_service_impl_debug
FN:35,<workspace_qdrant_daemon::grpc::services::memory_service::MemoryServiceImpl as workspace_qdrant_daemon::proto::memory_service_server::MemoryService>::add_document
FN:35,<workspace_qdrant_daemon::grpc::services::memory_service::MemoryServiceImpl as workspace_qdrant_daemon::proto::memory_service_server::MemoryService>::add_document
FN:306,workspace_qdrant_daemon::grpc::services::memory_service::tests::test_add_document_basic
FN:416,workspace_qdrant_daemon::grpc::services::memory_service::tests::test_update_document_basic
FN:688,workspace_qdrant_daemon::grpc::services::memory_service::tests::test_list_collections::{closure#0}
FN:486,workspace_qdrant_daemon::grpc::services::memory_service::tests::test_get_document::{closure#0}
FN:332,workspace_qdrant_daemon::grpc::services::memory_service::tests::test_add_document_with_metadata
FN:536,workspace_qdrant_daemon::grpc::services::memory_service::tests::test_list_documents
FN:536,workspace_qdrant_daemon::grpc::services::memory_service::tests::test_list_documents::{closure#0}
FN:35,<workspace_qdrant_daemon::grpc::services::memory_service::MemoryServiceImpl as workspace_qdrant_daemon::proto::memory_service_server::MemoryService>::add_document
FN:84,<workspace_qdrant_daemon::grpc::services::memory_service::MemoryServiceImpl as workspace_qdrant_daemon::proto::memory_service_server::MemoryService>::get_document
FN:754,workspace_qdrant_daemon::grpc::services::memory_service::tests::test_concurrent_memory_operations::{closure#0}::{closure#0}
FN:798,workspace_qdrant_daemon::grpc::services::memory_service::tests::test_document_unique_ids::{closure#0}
FN:381,workspace_qdrant_daemon::grpc::services::memory_service::tests::test_add_document_different_file_types::{closure#0}
FN:113,<workspace_qdrant_daemon::grpc::services::memory_service::MemoryServiceImpl as workspace_qdrant_daemon::proto::memory_service_server::MemoryService>::list_documents
FN:688,workspace_qdrant_daemon::grpc::services::memory_service::tests::test_list_collections::{closure#0}
FN:512,workspace_qdrant_daemon::grpc::services::memory_service::tests::test_get_document_timestamps::{closure#0}
FN:745,workspace_qdrant_daemon::grpc::services::memory_service::tests::test_concurrent_memory_operations
FN:688,workspace_qdrant_daemon::grpc::services::memory_service::tests::test_list_collections
FN:745,workspace_qdrant_daemon::grpc::services::memory_service::tests::test_concurrent_memory_operations
FN:177,<workspace_qdrant_daemon::grpc::services::memory_service::MemoryServiceImpl as workspace_qdrant_daemon::proto::memory_service_server::MemoryService>::list_collections
FN:52,<workspace_qdrant_daemon::grpc::services::memory_service::MemoryServiceImpl as workspace_qdrant_daemon::proto::memory_service_server::MemoryService>::update_document
FN:296,workspace_qdrant_daemon::grpc::services::memory_service::tests::test_memory_service_impl_debug
FN:288,workspace_qdrant_daemon::grpc::services::memory_service::tests::test_memory_service_impl_new::{closure#0}
FN:84,<workspace_qdrant_daemon::grpc::services::memory_service::MemoryServiceImpl as workspace_qdrant_daemon::proto::memory_service_server::MemoryService>::get_document
FN:177,<workspace_qdrant_daemon::grpc::services::memory_service::MemoryServiceImpl as workspace_qdrant_daemon::proto::memory_service_server::MemoryService>::list_collections
FN:296,workspace_qdrant_daemon::grpc::services::memory_service::tests::test_memory_service_impl_debug
FN:798,workspace_qdrant_daemon::grpc::services::memory_service::tests::test_document_unique_ids::{closure#0}
FN:381,workspace_qdrant_daemon::grpc::services::memory_service::tests::test_add_document_different_file_types::{closure#0}
FN:282,workspace_qdrant_daemon::grpc::services::memory_service::tests::create_test_daemon::{closure#0}
FN:332,workspace_qdrant_daemon::grpc::services::memory_service::tests::test_add_document_with_metadata
FN:863,workspace_qdrant_daemon::grpc::services::memory_service::tests::test_memory_service_impl_send_sync::assert_sync::<workspace_qdrant_daemon::grpc::services::memory_service::MemoryServiceImpl>
FN:381,workspace_qdrant_daemon::grpc::services::memory_service::tests::test_add_document_different_file_types
FN:35,<workspace_qdrant_daemon::grpc::services::memory_service::MemoryServiceImpl as workspace_qdrant_daemon::proto::memory_service_server::MemoryService>::add_document
FN:486,workspace_qdrant_daemon::grpc::services::memory_service::tests::test_get_document::{closure#0}
FN:620,workspace_qdrant_daemon::grpc::services::memory_service::tests::test_create_collection_different_configs
FN:863,workspace_qdrant_daemon::grpc::services::memory_service::tests::test_memory_service_impl_send_sync::assert_sync::<workspace_qdrant_daemon::grpc::services::memory_service::MemoryServiceImpl>
FN:566,workspace_qdrant_daemon::grpc::services::memory_service::tests::test_list_documents_pagination::{closure#0}
FN:288,workspace_qdrant_daemon::grpc::services::memory_service::tests::test_memory_service_impl_new::{closure#0}
FN:52,<workspace_qdrant_daemon::grpc::services::memory_service::MemoryServiceImpl as workspace_qdrant_daemon::proto::memory_service_server::MemoryService>::update_document
FN:620,workspace_qdrant_daemon::grpc::services::memory_service::tests::test_create_collection_different_configs::{closure#0}
FN:595,workspace_qdrant_daemon::grpc::services::memory_service::tests::test_create_collection::{closure#0}
FN:288,workspace_qdrant_daemon::grpc::services::memory_service::tests::test_memory_service_impl_new
[...]
FNDA:0,<workspace_qdrant_daemon::proto::system_service_client::SystemServiceClient<_>>::get_status::<_>::{closure#0}
FNDA:0,<workspace_qdrant_daemon::proto::memory_service_client::MemoryServiceClient<tonic::transport::channel::Channel>>::connect::<_>
FNDA:0,<workspace_qdrant_daemon::proto::document_processor_server::DocumentProcessorServer<workspace_qdrant_daemon::grpc::services::document_processor::DocumentProcessorImpl> as tower_service::Service<http::request::Request<http_body_util::combinators::box_body::UnsyncBoxBody<bytes::bytes::Bytes, tonic::status::Status>>>>::call
FNDA:0,<workspace_qdrant_daemon::proto::document_processor_server::DocumentProcessorServer<_> as tower_service::Service<http::request::Request<_>>>::call::{closure#1}
FNDA:0,<<workspace_qdrant_daemon::proto::document_processor_server::DocumentProcessorServer<_> as tower_service::Service<http::request::Request<_>>>::call::ProcessDocumentsSvc<workspace_qdrant_daemon::grpc::services::document_processor::DocumentProcessorImpl> as tonic::server::service::StreamingService<workspace_qdrant_daemon::proto::ProcessDocumentRequest>>::call
FNDA:0,<<workspace_qdrant_daemon::proto::document_processor_server::DocumentProcessorServer<_> as tower_service::Service<http::request::Request<_>>>::call::GetProcessingStatusSvc<_> as tonic::server::service::UnaryService<workspace_qdrant_daemon::proto::ProcessingStatusRequest>>::call::{closure#0}
FNDA:0,<workspace_qdrant_daemon::proto::search_service_client::SearchServiceClient<_>>::hybrid_search::<_>::{closure#0}
FNDA:0,<workspace_qdrant_daemon::proto::document_processor_server::DocumentProcessorServer<workspace_qdrant_daemon::grpc::services::document_processor::DocumentProcessorImpl> as tower_service::Service<http::request::Request<http_body_util::combinators::box_body::UnsyncBoxBody<bytes::bytes::Bytes, tonic::status::Status>>>>::call::{closure#4}
FNDA:0,<workspace_qdrant_daemon::proto::document_processor_client::DocumentProcessorClient<_>>::accept_compressed
FNDA:0,<workspace_qdrant_daemon::proto::document_processor_client::DocumentProcessorClient<_>>::cancel_processing::<_>::{closure#0}::{closure#0}
FNDA:0,<workspace_qdrant_daemon::proto::document_processor_server::DocumentProcessorServer<workspace_qdrant_daemon::grpc::services::document_processor::DocumentProcessorImpl>>::new
FNDA:0,<workspace_qdrant_daemon::proto::memory_service_server::MemoryServiceServer<_> as core::clone::Clone>::clone
FNDA:0,<workspace_qdrant_daemon::proto::search_service_server::SearchServiceServer<workspace_qdrant_daemon::grpc::services::search_service::SearchServiceImpl> as tower_service::Service<http::request::Request<http_body_util::combinators::box_body::UnsyncBoxBody<bytes::bytes::Bytes, tonic::status::Status>>>>::call::{closure#2}
FNF:904
FNH:0
BRF:0
BRH:0
DA:628,0
DA:629,0
DA:630,0
DA:631,0
DA:632,0
DA:633,0
DA:634,0
DA:635,0
DA:636,0
DA:637,0
DA:638,0
DA:639,0
DA:641,0
DA:643,0
DA:644,0
DA:645,0
DA:646,0
DA:647,0
DA:648,0
DA:649,0
DA:650,0
DA:651,0
DA:652,0
DA:653,0
DA:654,0
DA:655,0
DA:657,0
DA:674,0
DA:675,0
DA:676,0
DA:677,0
DA:678,0
DA:679,0
DA:680,0
DA:681,0
DA:683,0
DA:685,0
DA:686,0
DA:687,0
DA:688,0
DA:689,0
DA:690,0
DA:691,0
DA:692,0
DA:693,0
DA:695,0
DA:715,0
DA:716,0
DA:717,0
DA:718,0
DA:719,0
DA:720,0
DA:721,0
DA:723,0
DA:725,0
DA:726,0
DA:727,0
DA:728,0
DA:729,0
DA:730,0
DA:731,0
DA:732,0
DA:734,0
DA:750,0
DA:751,0
DA:752,0
DA:753,0
DA:754,0
DA:755,0
DA:756,0
DA:758,0
DA:760,0
DA:761,0
DA:762,0
DA:763,0
DA:764,0
DA:765,0
DA:766,0
DA:767,0
DA:769,0
DA:789,0
DA:790,0
DA:791,0
DA:792,0
DA:793,0
DA:794,0
DA:795,0
DA:796,0
DA:805,0
DA:806,0
DA:807,0
DA:808,0
DA:809,0
DA:810,0
DA:811,0
DA:812,0
DA:813,0
DA:814,0
DA:815,0
DA:816,0
DA:817,0
DA:818,0
DA:819,0
DA:820,0
DA:821,0
DA:822,0
DA:823,0
DA:824,0
DA:825,0
DA:826,0
DA:827,0
DA:828,0
DA:830,0
DA:831,0
DA:837,0
DA:838,0
DA:839,0
DA:840,0
DA:843,0
DA:844,0
DA:845,0
DA:846,0
DA:851,0
DA:852,0
DA:853,0
DA:854,0
DA:859,0
DA:860,0
DA:861,0
DA:862,0
DA:864,0
DA:865,0
DA:866,0
DA:867,0
DA:868,0
DA:869,0
DA:870,0
DA:871,0
DA:872,0
DA:873,0
DA:874,0
DA:875,0
DA:876,0
DA:878,0
DA:879,0
DA:880,0
DA:883,0
DA:884,0
DA:885,0
DA:886,0
DA:887,0
DA:888,0
DA:891,0
DA:892,0
DA:894,0
DA:895,0
DA:896,0
DA:897,0
DA:898,0
DA:899,0
DA:900,0
DA:901,0
DA:902,0
DA:903,0
DA:904,0
DA:905,0
DA:906,0
DA:907,0
DA:908,0
DA:910,0
DA:911,0
DA:912,0
DA:915,0
DA:916,0
DA:917,0
DA:918,0
DA:919,0
DA:920,0
DA:923,0
DA:924,0
DA:926,0
DA:927,0
DA:928,0
DA:929,0
DA:930,0
DA:931,0
DA:932,0
DA:933,0
DA:934,0
DA:935,0
DA:936,0
DA:937,0
DA:938,0
DA:940,0
DA:941,0
DA:942,0
DA:945,0
DA:946,0
DA:947,0
DA:948,0
DA:949,0
DA:950,0
DA:953,0
DA:954,0
DA:956,0
DA:957,0
DA:958,0
DA:959,0
DA:960,0
DA:961,0
DA:962,0
DA:963,0
DA:964,0
DA:965,0
DA:967,0
DA:968,0
DA:969,0
DA:972,0
DA:973,0
DA:974,0
DA:975,0
DA:976,0
DA:977,0
DA:980,0
DA:981,0
DA:1002,0
DA:1003,0
DA:1004,0
DA:1005,0
DA:1006,0
DA:1007,0
DA:1008,0
DA:1009,0
DA:1018,0
DA:1019,0
DA:1020,0
DA:1021,0
DA:1022,0
DA:1023,0
DA:1024,0
DA:1025,0
DA:1026,0
DA:1027,0
DA:1028,0
DA:1029,0
DA:1030,0
DA:1031,0
DA:1032,0
DA:1033,0
DA:1034,0
DA:1035,0
DA:1036,0
DA:1037,0
DA:1038,0
DA:1039,0
DA:1040,0
DA:1041,0
DA:1043,0
DA:1044,0
DA:1050,0
DA:1051,0
DA:1052,0
DA:1053,0
DA:1056,0
DA:1057,0
DA:1058,0
DA:1059,0
DA:1064,0
DA:1065,0
DA:1066,0
DA:1067,0
DA:1072,0
DA:1073,0
DA:1074,0
DA:1075,0
DA:1077,0
DA:1078,0
DA:1079,0
DA:1080,0
DA:1081,0
DA:1082,0
DA:1083,0
DA:1084,0
DA:1085,0
DA:1086,0
DA:1087,0
DA:1088,0
DA:1089,0
DA:1091,0
DA:1092,0
DA:1093,0
DA:1096,0
DA:1097,0
DA:1098,0
DA:1099,0
DA:1101,0
DA:1102,0
DA:1104,0
DA:1105,0
DA:1106,0
DA:1107,0
DA:1108,0
DA:1109,0
DA:1110,0
DA:1111,0
DA:1112,0
DA:1113,0
DA:1114,0
DA:1115,0
DA:1116,0
DA:1118,0
DA:1119,0
DA:1120,0
DA:1123,0
DA:1124,0
DA:1125,0
DA:1126,0
DA:1128,0
DA:1129,0
DA:1131,0
DA:1132,0
DA:1133,0
DA:1134,0
DA:1135,0
DA:1136,0
DA:1137,0
DA:1138,0
DA:1139,0
DA:1140,0
DA:1141,0
DA:1142,0
DA:1143,0
DA:1145,0
DA:1146,0
DA:1147,0
DA:1150,0
DA:1151,0
DA:1152,0
DA:1153,0
DA:1155,0
DA:1156,0
DA:1158,0
DA:1159,0
DA:1160,0
DA:1161,0
DA:1162,0
DA:1163,0
DA:1164,0
DA:1165,0
DA:1166,0
DA:1167,0
DA:1168,0
DA:1169,0
DA:1170,0
DA:1172,0
DA:1173,0
DA:1174,0
DA:1177,0
DA:1178,0
DA:1179,0
DA:1180,0
DA:1182,0
DA:1183,0
DA:1204,0
DA:1205,0
DA:1206,0
DA:1207,0
DA:1208,0
DA:1209,0
DA:1210,0
DA:1211,0
DA:1220,0
DA:1221,0
DA:1222,0
DA:1223,0
DA:1224,0
DA:1225,0
DA:1226,0
DA:1227,0
DA:1228,0
DA:1229,0
DA:1230,0
DA:1231,0
DA:1232,0
DA:1233,0
DA:1234,0
DA:1235,0
DA:1236,0
DA:1237,0
DA:1238,0
DA:1239,0
DA:1240,0
DA:1241,0
DA:1242,0
DA:1243,0
DA:1245,0
DA:1246,0
DA:1252,0
DA:1253,0
DA:1254,0
DA:1255,0
DA:1258,0
DA:1259,0
DA:1260,0
DA:1261,0
DA:1266,0
DA:1267,0
DA:1268,0
DA:1269,0
DA:1274,0
DA:1275,0
DA:1276,0
DA:1277,0
DA:1279,0
DA:1280,0
DA:1281,0
DA:1282,0
DA:1283,0
DA:1284,0
DA:1285,0
DA:1286,0
DA:1287,0
DA:1288,0
DA:1289,0
DA:1290,0
DA:1291,0
DA:1293,0
DA:1294,0
DA:1295,0
DA:1298,0
DA:1299,0
DA:1300,0
DA:1301,0
DA:1303,0
DA:1304,0
DA:1306,0
DA:1307,0
DA:1308,0
DA:1309,0
DA:1310,0
DA:1311,0
DA:1312,0
DA:1313,0
DA:1314,0
DA:1315,0
DA:1316,0
DA:1317,0
DA:1318,0
DA:1320,0
DA:1321,0
DA:1322,0
DA:1325,0
DA:1326,0
DA:1327,0
DA:1328,0
DA:1330,0
DA:1331,0
DA:1333,0
DA:1334,0
DA:1335,0
DA:1336,0
DA:1337,0
DA:1338,0
DA:1339,0
DA:1340,0
DA:1341,0
DA:1342,0
DA:1344,0
DA:1345,0
DA:1346,0
DA:1349,0
DA:1350,0
DA:1351,0
DA:1352,0
DA:1354,0
DA:1355,0
DA:1357,0
DA:1358,0
DA:1359,0
DA:1360,0
DA:1361,0
DA:1362,0
DA:1363,0
DA:1364,0
DA:1365,0
DA:1366,0
DA:1367,0
DA:1368,0
DA:1369,0
DA:1371,0
DA:1372,0
DA:1373,0
DA:1376,0
DA:1377,0
DA:1378,0
DA:1379,0
DA:1381,0
DA:1382,0
DA:1384,0
DA:1385,0
DA:1386,0
DA:1387,0
DA:1388,0
DA:1389,0
DA:1390,0
DA:1391,0
DA:1392,0
DA:1393,0
DA:1394,0
DA:1395,0
DA:1396,0
DA:1398,0
DA:1399,0
DA:1400,0
DA:1403,0
DA:1404,0
DA:1405,0
DA:1406,0
DA:1408,0
DA:1409,0
DA:1411,0
DA:1412,0
DA:1413,0
DA:1414,0
DA:1415,0
DA:1416,0
DA:1417,0
DA:1418,0
DA:1419,0
DA:1420,0
DA:1421,0
DA:1422,0
DA:1423,0
DA:1425,0
DA:1426,0
DA:1427,0
DA:1430,0
DA:1431,0
DA:1432,0
DA:1433,0
DA:1435,0
DA:1436,0
DA:1437,0
DA:1438,0
DA:1439,0
DA:1440,0
DA:1441,0
DA:1442,0
DA:1443,0
DA:1444,0
DA:1445,0
DA:1446,0
DA:1448,0
DA:1449,0
DA:1450,0
DA:1453,0
DA:1454,0
DA:1455,0
DA:1456,0
DA:1458,0
DA:1459,0
DA:1460,0
DA:1461,0
DA:1462,0
DA:1463,0
DA:1464,0
DA:1465,0
DA:1466,0
DA:1467,0
DA:1468,0
DA:1469,0
DA:1470,0
DA:1471,0
DA:1472,0
DA:1474,0
DA:1475,0
DA:1476,0
DA:1479,0
DA:1480,0
DA:1481,0
DA:1482,0
DA:1484,0
DA:1485,0
DA:1506,0
DA:1507,0
DA:1508,0
DA:1509,0
DA:1510,0
DA:1511,0
DA:1512,0
DA:1513,0
DA:1522,0
DA:1523,0
DA:1524,0
DA:1525,0
DA:1526,0
DA:1527,0
DA:1528,0
DA:1529,0
DA:1530,0
DA:1531,0
DA:1532,0
DA:1533,0
DA:1534,0
DA:1535,0
DA:1536,0
DA:1537,0
DA:1538,0
DA:1539,0
DA:1540,0
DA:1541,0
DA:1542,0
DA:1543,0
DA:1544,0
DA:1545,0
DA:1547,0
DA:1548,0
DA:1554,0
DA:1555,0
DA:1556,0
DA:1557,0
DA:1560,0
DA:1561,0
DA:1562,0
DA:1563,0
DA:1568,0
DA:1569,0
DA:1570,0
DA:1571,0
DA:1576,0
DA:1577,0
DA:1578,0
DA:1579,0
DA:1581,0
DA:1582,0
DA:1583,0
DA:1584,0
DA:1585,0
DA:1586,0
DA:1587,0
DA:1588,0
DA:1589,0
DA:1590,0
DA:1591,0
DA:1592,0
DA:1593,0
DA:1595,0
DA:1596,0
DA:1597,0
DA:1600,0
DA:1601,0
DA:1602,0
DA:1603,0
DA:1605,0
DA:1606,0
DA:1608,0
DA:1609,0
DA:1610,0
DA:1611,0
DA:1612,0
DA:1613,0
DA:1614,0
DA:1615,0
DA:1616,0
DA:1617,0
DA:1618,0
DA:1619,0
DA:1620,0
DA:1622,0
DA:1623,0
DA:1624,0
DA:1627,0
DA:1628,0
DA:1629,0
DA:1630,0
DA:1631,0
DA:1633,0
DA:1634,0
DA:1635,0
DA:1636,0
DA:1637,0
DA:1638,0
DA:1639,0
DA:1640,0
DA:1641,0
DA:1642,0
DA:1643,0
DA:1644,0
DA:1645,0
DA:1647,0
DA:1648,0
DA:1649,0
DA:1652,0
DA:1653,0
DA:1654,0
DA:1655,0
DA:1656,0
DA:1658,0
DA:1659,0
DA:1660,0
DA:1661,0
DA:1662,0
DA:1663,0
DA:1664,0
DA:1665,0
DA:1666,0
DA:1667,0
DA:1669,0
DA:1670,0
DA:1671,0
DA:1674,0
DA:1675,0
DA:1676,0
DA:1677,0
DA:1678,0
DA:1679,0
DA:1680,0
DA:1681,0
DA:1682,0
DA:1683,0
DA:1684,0
DA:1685,0
DA:1686,0
DA:1687,0
DA:1688,0
DA:1690,0
DA:1691,0
DA:1692,0
DA:1695,0
DA:1696,0
DA:1697,0
DA:1698,0
DA:1700,0
DA:1701,0
DA:1703,0
DA:1704,0
DA:1705,0
DA:1706,0
DA:1707,0
DA:1708,0
DA:1709,0
DA:1710,0
DA:1711,0
DA:1712,0
DA:1713,0
DA:1714,0
DA:1715,0
DA:1717,0
DA:1718,0
DA:1719,0
DA:1722,0
DA:1723,0
DA:1724,0
DA:1725,0
DA:1727,0
DA:1728,0
DA:1729,0
DA:1730,0
DA:1731,0
DA:1732,0
DA:1733,0
DA:1734,0
DA:1735,0
DA:1736,0
DA:1737,0
DA:1738,0
DA:1739,0
DA:1740,0
DA:1741,0
DA:1743,0
DA:1744,0
DA:1745,0
DA:1748,0
DA:1749,0
DA:1750,0
DA:1751,0
DA:1753,0
DA:1754,0
DA:1816,0
DA:1817,0
DA:1818,0
DA:1819,0
DA:1820,0
DA:1821,0
DA:1822,0
DA:1823,0
DA:1824,0
DA:1825,0
DA:1826,0
DA:1827,0
DA:1828,0
DA:1829,0
DA:1830,0
DA:1831,0
DA:1832,0
DA:1833,0
DA:1835,0
DA:1836,0
DA:1839,0
DA:1840,0
DA:1841,0
DA:1842,0
DA:1845,0
DA:1846,0
DA:1847,0
DA:1848,0
DA:1853,0
DA:1854,0
DA:1855,0
DA:1856,0
DA:1861,0
DA:1862,0
DA:1863,0
DA:1864,0
DA:1875,0
DA:1876,0
DA:1877,0
DA:1878,0
DA:1879,0
DA:1880,0
DA:1881,0
DA:1882,0
DA:1883,0
DA:1895,0
DA:1896,0
DA:1897,0
DA:1898,0
DA:1899,0
DA:1900,0
DA:1901,0
DA:1902,0
DA:1903,0
DA:1904,0
DA:1905,0
DA:1907,0
DA:1908,0
DA:1909,0
DA:1910,0
DA:1911,0
DA:1912,0
DA:1913,0
DA:1914,0
DA:1915,0
DA:1916,0
DA:1917,0
DA:1918,0
DA:1920,0
DA:1921,0
DA:1922,0
DA:1924,0
DA:1925,0
DA:1926,0
DA:1927,0
DA:1929,0
DA:1942,0
DA:1943,0
DA:1944,0
DA:1945,0
DA:1946,0
DA:1947,0
DA:1948,0
DA:1949,0
DA:1950,0
DA:1951,0
DA:1952,0
DA:1953,0
DA:1954,0
DA:1956,0
DA:1957,0
DA:1958,0
DA:1959,0
DA:1960,0
DA:1961,0
DA:1962,0
DA:1963,0
DA:1964,0
DA:1965,0
DA:1966,0
DA:1967,0
DA:1969,0
DA:1970,0
DA:1971,0
DA:1973,0
DA:1974,0
DA:1975,0
DA:1976,0
DA:1978,0
DA:1990,0
DA:1991,0
DA:1992,0
DA:1993,0
DA:1994,0
DA:1995,0
DA:1996,0
DA:1997,0
DA:1998,0
DA:1999,0
DA:2000,0
DA:2001,0
DA:2002,0
DA:2003,0
DA:2005,0
DA:2006,0
DA:2007,0
DA:2008,0
DA:2009,0
DA:2010,0
DA:2011,0
DA:2012,0
DA:2013,0
DA:2014,0
DA:2015,0
DA:2016,0
DA:2018,0
DA:2019,0
DA:2020,0
DA:2022,0
DA:2023,0
DA:2024,0
DA:2025,0
DA:2027,0
DA:2039,0
DA:2040,0
DA:2041,0
DA:2042,0
DA:2043,0
DA:2044,0
DA:2045,0
DA:2046,0
DA:2047,0
DA:2048,0
DA:2049,0
DA:2051,0
DA:2052,0
DA:2053,0
DA:2054,0
DA:2055,0
DA:2056,0
DA:2057,0
DA:2058,0
DA:2059,0
DA:2060,0
DA:2061,0
DA:2062,0
DA:2064,0
DA:2065,0
DA:2066,0
DA:2068,0
DA:2069,0
DA:2070,0
DA:2071,0
DA:2074,0
DA:2075,0
DA:2076,0
DA:2077,0
DA:2078,0
DA:2079,0
DA:2080,0
DA:2082,0
DA:2083,0
DA:2084,0
DA:2085,0
DA:2087,0
DA:2088,0
DA:2091,0
DA:2094,0
DA:2095,0
DA:2096,0
DA:2097,0
DA:2098,0
DA:2099,0
DA:2100,0
DA:2101,0
DA:2102,0
DA:2103,0
DA:2167,0
DA:2168,0
DA:2169,0
DA:2170,0
DA:2171,0
DA:2172,0
DA:2173,0
DA:2174,0
DA:2175,0
DA:2176,0
DA:2177,0
DA:2178,0
DA:2179,0
DA:2180,0
DA:2181,0
DA:2182,0
DA:2183,0
DA:2184,0
DA:2186,0
DA:2187,0
DA:2190,0
DA:2191,0
DA:2192,0
DA:2193,0
DA:2196,0
DA:2197,0
DA:2198,0
DA:2199,0
DA:2204,0
DA:2205,0
DA:2206,0
DA:2207,0
DA:2212,0
DA:2213,0
DA:2214,0
DA:2215,0
DA:2226,0
DA:2227,0
DA:2228,0
DA:2229,0
DA:2230,0
DA:2231,0
DA:2232,0
DA:2233,0
DA:2234,0
DA:2246,0
DA:2247,0
DA:2248,0
DA:2249,0
DA:2250,0
DA:2251,0
DA:2252,0
DA:2253,0
DA:2254,0
DA:2255,0
DA:2257,0
DA:2258,0
DA:2259,0
DA:2260,0
DA:2261,0
DA:2262,0
DA:2263,0
DA:2264,0
DA:2265,0
DA:2266,0
DA:2267,0
DA:2268,0
DA:2270,0
DA:2271,0
DA:2272,0
DA:2274,0
DA:2275,0
DA:2276,0
DA:2277,0
DA:2279,0
DA:2291,0
DA:2292,0
DA:2293,0
DA:2294,0
DA:2295,0
DA:2296,0
DA:2297,0
DA:2298,0
DA:2299,0
DA:2300,0
DA:2302,0
DA:2303,0
DA:2304,0
DA:2305,0
DA:2306,0
DA:2307,0
DA:2308,0
DA:2309,0
DA:2310,0
DA:2311,0
DA:2312,0
DA:2313,0
DA:2315,0
DA:2316,0
DA:2317,0
DA:2319,0
DA:2320,0
DA:2321,0
DA:2322,0
DA:2324,0
DA:2336,0
DA:2337,0
DA:2338,0
DA:2339,0
DA:2340,0
DA:2341,0
DA:2342,0
DA:2343,0
DA:2344,0
DA:2345,0
DA:2347,0
DA:2348,0
DA:2349,0
DA:2350,0
DA:2351,0
DA:2352,0
DA:2353,0
DA:2354,0
DA:2355,0
DA:2356,0
DA:2357,0
DA:2358,0
DA:2360,0
DA:2361,0
DA:2362,0
DA:2364,0
DA:2365,0
DA:2366,0
DA:2367,0
DA:2369,0
DA:2381,0
DA:2382,0
DA:2383,0
DA:2384,0
DA:2385,0
DA:2386,0
DA:2387,0
DA:2388,0
DA:2389,0
DA:2390,0
DA:2392,0
DA:2393,0
DA:2394,0
DA:2395,0
DA:2396,0
DA:2397,0
DA:2398,0
DA:2399,0
DA:2400,0
DA:2401,0
DA:2402,0
DA:2403,0
DA:2405,0
DA:2406,0
DA:2407,0
DA:2409,0
DA:2410,0
DA:2411,0
DA:2412,0
DA:2415,0
DA:2416,0
DA:2417,0
DA:2418,0
DA:2419,0
DA:2420,0
DA:2421,0
DA:2423,0
DA:2424,0
DA:2425,0
DA:2426,0
DA:2428,0
DA:2429,0
DA:2432,0
DA:2435,0
DA:2436,0
DA:2437,0
DA:2438,0
DA:2439,0
DA:2440,0
DA:2441,0
DA:2442,0
DA:2443,0
DA:2444,0
DA:2532,0
DA:2533,0
DA:2534,0
DA:2535,0
DA:2536,0
DA:2537,0
DA:2538,0
DA:2539,0
DA:2540,0
DA:2541,0
DA:2542,0
DA:2543,0
DA:2544,0
DA:2545,0
DA:2546,0
DA:2547,0
DA:2548,0
DA:2549,0
DA:2551,0
DA:2552,0
DA:2555,0
DA:2556,0
DA:2557,0
DA:2558,0
DA:2561,0
DA:2562,0
DA:2563,0
DA:2564,0
DA:2569,0
DA:2570,0
DA:2571,0
DA:2572,0
DA:2577,0
DA:2578,0
DA:2579,0
DA:2580,0
DA:2591,0
DA:2592,0
DA:2593,0
DA:2594,0
DA:2595,0
DA:2596,0
DA:2597,0
DA:2598,0
DA:2599,0
DA:2611,0
DA:2612,0
DA:2613,0
DA:2614,0
DA:2615,0
DA:2616,0
DA:2617,0
DA:2618,0
DA:2619,0
DA:2620,0
DA:2622,0
DA:2623,0
DA:2624,0
DA:2625,0
DA:2626,0
DA:2627,0
DA:2628,0
DA:2629,0
DA:2630,0
DA:2631,0
DA:2632,0
DA:2633,0
DA:2635,0
DA:2636,0
DA:2637,0
DA:2639,0
DA:2640,0
DA:2641,0
DA:2642,0
DA:2644,0
DA:2656,0
DA:2657,0
DA:2658,0
DA:2659,0
DA:2660,0
DA:2661,0
DA:2662,0
DA:2663,0
DA:2664,0
DA:2665,0
DA:2667,0
DA:2668,0
DA:2669,0
DA:2670,0
DA:2671,0
DA:2672,0
DA:2673,0
DA:2674,0
DA:2675,0
DA:2676,0
DA:2677,0
DA:2678,0
DA:2680,0
DA:2681,0
DA:2682,0
DA:2684,0
DA:2685,0
DA:2686,0
DA:2687,0
DA:2689,0
DA:2701,0
DA:2702,0
DA:2703,0
DA:2704,0
DA:2705,0
DA:2706,0
DA:2707,0
DA:2708,0
DA:2709,0
DA:2710,0
DA:2712,0
DA:2713,0
DA:2714,0
DA:2715,0
DA:2716,0
DA:2717,0
DA:2718,0
DA:2719,0
DA:2720,0
DA:2721,0
DA:2722,0
DA:2723,0
DA:2725,0
DA:2726,0
DA:2727,0
DA:2729,0
DA:2730,0
DA:2731,0
DA:2732,0
DA:2734,0
DA:2746,0
DA:2747,0
DA:2748,0
DA:2749,0
DA:2750,0
DA:2751,0
DA:2752,0
DA:2753,0
DA:2754,0
DA:2755,0
DA:2757,0
DA:2758,0
DA:2759,0
DA:2760,0
DA:2761,0
DA:2762,0
DA:2763,0
DA:2764,0
DA:2765,0
DA:2766,0
DA:2767,0
DA:2768,0
DA:2770,0
DA:2771,0
DA:2772,0
DA:2774,0
DA:2775,0
DA:2776,0
DA:2777,0
DA:2779,0
DA:2791,0
DA:2792,0
DA:2793,0
DA:2794,0
DA:2795,0
DA:2796,0
DA:2797,0
DA:2798,0
DA:2799,0
DA:2800,0
DA:2802,0
DA:2803,0
DA:2804,0
DA:2805,0
DA:2806,0
DA:2807,0
DA:2808,0
DA:2809,0
DA:2810,0
DA:2811,0
DA:2812,0
DA:2813,0
DA:2815,0
DA:2816,0
DA:2817,0
DA:2819,0
DA:2820,0
DA:2821,0
DA:2822,0
DA:2824,0
DA:2836,0
DA:2837,0
DA:2838,0
DA:2839,0
DA:2840,0
DA:2841,0
DA:2842,0
DA:2843,0
DA:2844,0
DA:2845,0
DA:2846,0
DA:2848,0
DA:2849,0
DA:2850,0
DA:2851,0
DA:2852,0
DA:2853,0
DA:2854,0
DA:2855,0
DA:2856,0
DA:2857,0
DA:2858,0
DA:2859,0
DA:2861,0
DA:2862,0
DA:2863,0
DA:2865,0
DA:2866,0
DA:2867,0
DA:2868,0
DA:2870,0
DA:2882,0
DA:2883,0
DA:2884,0
DA:2885,0
DA:2886,0
DA:2887,0
DA:2888,0
DA:2889,0
DA:2890,0
DA:2891,0
DA:2892,0
DA:2894,0
DA:2895,0
DA:2896,0
DA:2897,0
DA:2898,0
DA:2899,0
DA:2900,0
DA:2901,0
DA:2902,0
DA:2903,0
DA:2904,0
DA:2905,0
DA:2907,0
DA:2908,0
DA:2909,0
DA:2911,0
DA:2912,0
DA:2913,0
DA:2914,0
DA:2916,0
DA:2928,0
DA:2929,0
DA:2930,0
DA:2931,0
DA:2932,0
DA:2933,0
DA:2934,0
DA:2935,0
DA:2936,0
DA:2937,0
DA:2938,0
DA:2940,0
DA:2941,0
DA:2942,0
DA:2943,0
DA:2944,0
DA:2945,0
DA:2946,0
DA:2947,0
DA:2948,0
DA:2949,0
DA:2950,0
DA:2951,0
DA:2953,0
DA:2954,0
DA:2955,0
DA:2957,0
DA:2958,0
DA:2959,0
DA:2960,0
DA:2963,0
DA:2964,0
DA:2965,0
DA:2966,0
DA:2967,0
DA:2968,0
DA:2969,0
DA:2971,0
DA:2972,0
DA:2973,0
DA:2974,0
DA:2976,0
DA:2977,0
DA:2980,0
DA:2983,0
DA:2984,0
DA:2985,0
DA:2986,0
DA:2987,0
DA:2988,0
DA:2989,0
DA:2990,0
DA:2991,0
DA:2992,0
DA:3069,0
DA:3070,0
DA:3071,0
DA:3072,0
DA:3073,0
DA:3074,0
DA:3075,0
DA:3076,0
DA:3077,0
DA:3078,0
DA:3079,0
DA:3080,0
DA:3081,0
DA:3082,0
DA:3083,0
DA:3084,0
DA:3085,0
DA:3086,0
DA:3088,0
DA:3089,0
DA:3092,0
DA:3093,0
DA:3094,0
DA:3095,0
DA:3098,0
DA:3099,0
DA:3100,0
DA:3101,0
DA:3106,0
DA:3107,0
DA:3108,0
DA:3109,0
DA:3114,0
DA:3115,0
DA:3116,0
DA:3117,0
DA:3128,0
DA:3129,0
DA:3130,0
DA:3131,0
DA:3132,0
DA:3133,0
DA:3134,0
DA:3135,0
DA:3136,0
DA:3146,0
DA:3147,0
DA:3148,0
DA:3149,0
DA:3150,0
DA:3151,0
DA:3152,0
DA:3154,0
DA:3155,0
DA:3156,0
DA:3157,0
DA:3158,0
DA:3159,0
DA:3160,0
DA:3161,0
DA:3162,0
DA:3163,0
DA:3164,0
DA:3165,0
DA:3167,0
DA:3168,0
DA:3169,0
DA:3171,0
DA:3172,0
DA:3173,0
DA:3174,0
DA:3176,0
DA:3186,0
DA:3187,0
DA:3188,0
DA:3189,0
DA:3190,0
DA:3191,0
DA:3192,0
DA:3194,0
DA:3195,0
DA:3196,0
DA:3197,0
DA:3198,0
DA:3199,0
DA:3200,0
DA:3201,0
DA:3202,0
DA:3203,0
DA:3204,0
DA:3205,0
DA:3207,0
DA:3208,0
DA:3209,0
DA:3211,0
DA:3212,0
DA:3213,0
DA:3214,0
DA:3216,0
DA:3228,0
DA:3229,0
DA:3230,0
DA:3231,0
DA:3232,0
DA:3233,0
DA:3234,0
DA:3235,0
DA:3236,0
DA:3237,0
DA:3239,0
DA:3240,0
DA:3241,0
DA:3242,0
DA:3243,0
DA:3244,0
DA:3245,0
DA:3246,0
DA:3247,0
DA:3248,0
DA:3249,0
DA:3250,0
DA:3252,0
DA:3253,0
DA:3254,0
DA:3256,0
DA:3257,0
DA:3258,0
DA:3259,0
DA:3261,0
DA:3271,0
DA:3272,0
DA:3273,0
DA:3274,0
DA:3275,0
DA:3276,0
DA:3277,0
DA:3279,0
DA:3280,0
DA:3281,0
DA:3282,0
DA:3283,0
DA:3284,0
DA:3285,0
DA:3286,0
DA:3287,0
DA:3288,0
DA:3289,0
DA:3290,0
DA:3292,0
DA:3293,0
DA:3294,0
DA:3296,0
DA:3297,0
DA:3298,0
DA:3299,0
DA:3301,0
DA:3313,0
DA:3314,0
DA:3315,0
DA:3316,0
DA:3317,0
DA:3318,0
DA:3319,0
DA:3320,0
DA:3321,0
DA:3322,0
DA:3324,0
DA:3325,0
DA:3326,0
DA:3327,0
DA:3328,0
DA:3329,0
DA:3330,0
DA:3331,0
DA:3332,0
DA:3333,0
DA:3334,0
DA:3335,0
DA:3337,0
DA:3338,0
DA:3339,0
DA:3341,0
DA:3342,0
DA:3343,0
DA:3344,0
DA:3346,0
DA:3358,0
DA:3359,0
DA:3360,0
DA:3361,0
DA:3362,0
DA:3363,0
DA:3364,0
DA:3365,0
DA:3366,0
DA:3367,0
DA:3369,0
DA:3370,0
DA:3371,0
DA:3372,0
DA:3373,0
DA:3374,0
DA:3375,0
DA:3376,0
DA:3377,0
DA:3378,0
DA:3379,0
DA:3380,0
DA:3382,0
DA:3383,0
DA:3384,0
DA:3386,0
DA:3387,0
DA:3388,0
DA:3389,0
DA:3391,0
DA:3401,0
DA:3402,0
DA:3403,0
DA:3404,0
DA:3405,0
DA:3406,0
DA:3407,0
DA:3409,0
DA:3410,0
DA:3411,0
DA:3412,0
DA:3413,0
DA:3414,0
DA:3415,0
DA:3416,0
DA:3417,0
DA:3418,0
DA:3419,0
DA:3420,0
DA:3422,0
DA:3423,0
DA:3424,0
DA:3426,0
DA:3427,0
DA:3428,0
DA:3429,0
DA:3432,0
DA:3433,0
DA:3434,0
DA:3435,0
DA:3436,0
DA:3437,0
DA:3438,0
DA:3440,0
DA:3441,0
DA:3442,0
DA:3443,0
DA:3445,0
DA:3446,0
DA:3449,0
DA:3452,0
DA:3453,0
DA:3454,0
DA:3455,0
DA:3456,0
DA:3457,0
DA:3458,0
DA:3459,0
DA:3460,0
DA:3461,0
LF:1740
LH:0
end_of_record
